2020-11-06 15:19:52,245:INFO:PyCaret Regression Module
2020-11-06 15:19:52,246:INFO:version 2.1.2
2020-11-06 15:19:52,246:INFO:Initializing setup()
2020-11-06 15:19:52,246:INFO:USI: d2de
2020-11-06 15:19:52,246:INFO:setup(data=(4179, 16), target=number, train_size=0.7, sampling=True, sample_estimator=None, categorical_features=None, categorical_imputation=constant, ordinal_features=None,
                    high_cardinality_features=None, high_cardinality_method=frequency, numeric_features=None, numeric_imputation=mean, date_features=None, ignore_features=['datetime', 'day', 'sunrise', 'sunset'], normalize=True,
                    normalize_method=minmax, transformation=False, transformation_method=yeo-johnson, handle_unknown_categorical=True, unknown_categorical_method=least_frequent, pca=False, pca_method=linear,
                    pca_components=None, ignore_low_variance=True, combine_rare_levels=False, rare_level_threshold=0.1, bin_numeric_features=None, remove_outliers=False, outliers_threshold=0.05,
                    remove_multicollinearity=True, multicollinearity_threshold=0.9, remove_perfect_collinearity=False, create_clusters=False, cluster_iter=20,
                    polynomial_features=False, polynomial_degree=2, trigonometry_features=False, polynomial_threshold=0.1, group_features=None,
                    group_names=None, feature_selection=False, feature_selection_threshold=0.8, feature_interaction=False, feature_ratio=False, interaction_threshold=0.01, transform_target=False,
                    transform_target_method=box-cox, data_split_shuffle=True, folds_shuffle=False, n_jobs=-1, html=True, session_id=123, log_experiment=False,
                    experiment_name=None, log_plots=False, log_profile=False, log_data=False, silent=False, verbose=True, profile=False)
2020-11-06 15:19:52,246:INFO:Checking environment
2020-11-06 15:19:52,247:INFO:python_version: 3.8.3
2020-11-06 15:19:52,247:INFO:python_build: ('default', 'Jul  2 2020 17:30:36')
2020-11-06 15:19:52,247:INFO:machine: AMD64
2020-11-06 15:19:52,247:INFO:platform: Windows-10-10.0.19041-SP0
2020-11-06 15:19:52,276:INFO:Memory: svmem(total=8442339328, available=3080024064, percent=63.5, used=5362315264, free=3080024064)
2020-11-06 15:19:52,276:INFO:Physical Core: 4
2020-11-06 15:19:52,276:INFO:Logical Core: 8
2020-11-06 15:19:52,276:INFO:Checking libraries
2020-11-06 15:19:52,276:INFO:pd==1.0.5
2020-11-06 15:19:52,276:INFO:numpy==1.18.5
2020-11-06 15:19:53,010:INFO:sklearn==0.23.1
2020-11-06 15:19:53,866:INFO:xgboost==1.2.0
2020-11-06 15:19:53,943:INFO:lightgbm==3.0.0
2020-11-06 15:19:54,091:INFO:catboost==0.24.1
2020-11-06 15:19:55,796:INFO:mlflow==1.11.0
2020-11-06 15:19:55,797:INFO:Checking Exceptions
2020-11-06 15:19:55,797:INFO:Preloading libraries
2020-11-06 15:19:55,797:INFO:Preparing display monitor
2020-11-06 15:19:55,811:INFO:Importing libraries
2020-11-06 15:19:57,079:INFO:Declaring global variables
2020-11-06 15:19:57,079:INFO:Copying data for preprocessing
2020-11-06 15:19:57,085:INFO:Declaring preprocessing parameters
2020-11-06 15:19:57,086:INFO:Importing preprocessing module
2020-11-06 15:19:57,963:INFO:Creating preprocessing pipeline
2020-11-06 15:20:29,287:INFO:Preprocessing pipeline created successfully
2020-11-06 15:20:29,287:INFO:No inverse transformer found
2020-11-06 15:20:29,287:INFO:Creating grid variables
2020-11-06 15:20:29,291:INFO:Creating global containers
2020-11-06 15:20:29,407:INFO:create_model_container: 0
2020-11-06 15:20:29,407:INFO:master_model_container: 0
2020-11-06 15:20:29,408:INFO:display_container: 0
2020-11-06 15:20:29,408:INFO:setup() succesfully completed......................................
2020-11-06 15:20:34,695:INFO:Initializing compare_models()
2020-11-06 15:20:34,695:INFO:compare_models(exclude=None, include=None, fold=10, round=4, sort=R2, n_select=1, turbo=True, verbose=True)
2020-11-06 15:20:34,695:INFO:Checking exceptions
2020-11-06 15:20:34,695:INFO:Preloading libraries
2020-11-06 15:20:34,695:INFO:Preparing display monitor
2020-11-06 15:20:34,723:INFO:Copying training dataset
2020-11-06 15:20:34,725:INFO:Importing libraries
2020-11-06 15:20:34,749:INFO:Importing untrained models
2020-11-06 15:20:34,751:INFO:Import successful
2020-11-06 15:20:34,766:INFO:Defining folds
2020-11-06 15:20:34,766:INFO:Declaring metric variables
2020-11-06 15:20:34,766:INFO:Initializing Linear Regression
2020-11-06 15:20:34,790:INFO:Initializing Fold 1
2020-11-06 15:20:34,792:INFO:Total runtime is 0.000416258970896403 minutes
2020-11-06 15:20:34,807:INFO:Fitting Model
2020-11-06 15:20:34,831:INFO:Evaluating Metrics
2020-11-06 15:20:34,836:INFO:No inverse transformer found
2020-11-06 15:20:34,836:INFO:Compiling Metrics
2020-11-06 15:20:34,848:INFO:Initializing Fold 2
2020-11-06 15:20:34,848:INFO:Total runtime is 0.0013662616411844889 minutes
2020-11-06 15:20:34,854:INFO:Fitting Model
2020-11-06 15:20:34,860:INFO:Evaluating Metrics
2020-11-06 15:20:34,862:INFO:No inverse transformer found
2020-11-06 15:20:34,862:INFO:Compiling Metrics
2020-11-06 15:20:34,872:INFO:Initializing Fold 3
2020-11-06 15:20:34,872:INFO:Total runtime is 0.0017669200897216797 minutes
2020-11-06 15:20:34,882:INFO:Fitting Model
2020-11-06 15:20:34,887:INFO:Evaluating Metrics
2020-11-06 15:20:34,889:INFO:No inverse transformer found
2020-11-06 15:20:34,889:INFO:Compiling Metrics
2020-11-06 15:20:34,898:INFO:Initializing Fold 4
2020-11-06 15:20:34,900:INFO:Total runtime is 0.0022330403327941893 minutes
2020-11-06 15:20:34,908:INFO:Fitting Model
2020-11-06 15:20:34,916:INFO:Evaluating Metrics
2020-11-06 15:20:34,920:INFO:No inverse transformer found
2020-11-06 15:20:34,920:INFO:Compiling Metrics
2020-11-06 15:20:34,932:INFO:Initializing Fold 5
2020-11-06 15:20:34,933:INFO:Total runtime is 0.0027831196784973145 minutes
2020-11-06 15:20:34,944:INFO:Fitting Model
2020-11-06 15:20:34,951:INFO:Evaluating Metrics
2020-11-06 15:20:34,953:INFO:No inverse transformer found
2020-11-06 15:20:34,953:INFO:Compiling Metrics
2020-11-06 15:20:34,963:INFO:Initializing Fold 6
2020-11-06 15:20:34,964:INFO:Total runtime is 0.0032999396324157717 minutes
2020-11-06 15:20:34,975:INFO:Fitting Model
2020-11-06 15:20:34,984:INFO:Evaluating Metrics
2020-11-06 15:20:34,986:INFO:No inverse transformer found
2020-11-06 15:20:34,986:INFO:Compiling Metrics
2020-11-06 15:20:34,992:INFO:Initializing Fold 7
2020-11-06 15:20:34,993:INFO:Total runtime is 0.0037831664085388184 minutes
2020-11-06 15:20:35,004:INFO:Fitting Model
2020-11-06 15:20:35,013:INFO:Evaluating Metrics
2020-11-06 15:20:35,015:INFO:No inverse transformer found
2020-11-06 15:20:35,015:INFO:Compiling Metrics
2020-11-06 15:20:35,028:INFO:Initializing Fold 8
2020-11-06 15:20:35,029:INFO:Total runtime is 0.004383313655853272 minutes
2020-11-06 15:20:35,040:INFO:Fitting Model
2020-11-06 15:20:35,049:INFO:Evaluating Metrics
2020-11-06 15:20:35,051:INFO:No inverse transformer found
2020-11-06 15:20:35,052:INFO:Compiling Metrics
2020-11-06 15:20:35,061:INFO:Initializing Fold 9
2020-11-06 15:20:35,062:INFO:Total runtime is 0.004933512210845948 minutes
2020-11-06 15:20:35,072:INFO:Fitting Model
2020-11-06 15:20:35,080:INFO:Evaluating Metrics
2020-11-06 15:20:35,082:INFO:No inverse transformer found
2020-11-06 15:20:35,082:INFO:Compiling Metrics
2020-11-06 15:20:35,094:INFO:Initializing Fold 10
2020-11-06 15:20:35,096:INFO:Total runtime is 0.005500586827596029 minutes
2020-11-06 15:20:35,101:INFO:Fitting Model
2020-11-06 15:20:35,106:INFO:Evaluating Metrics
2020-11-06 15:20:35,109:INFO:No inverse transformer found
2020-11-06 15:20:35,109:INFO:Compiling Metrics
2020-11-06 15:20:35,120:INFO:Calculating mean and std
2020-11-06 15:20:35,121:INFO:Creating metrics dataframe
2020-11-06 15:20:35,136:INFO:Initializing Lasso Regression
2020-11-06 15:20:35,144:INFO:Initializing Fold 1
2020-11-06 15:20:35,145:INFO:Total runtime is 0.006316717465718587 minutes
2020-11-06 15:20:35,151:INFO:Fitting Model
2020-11-06 15:20:35,179:INFO:Evaluating Metrics
2020-11-06 15:20:35,180:INFO:No inverse transformer found
2020-11-06 15:20:35,181:INFO:Compiling Metrics
2020-11-06 15:20:35,187:INFO:Initializing Fold 2
2020-11-06 15:20:35,187:INFO:Total runtime is 0.007016730308532715 minutes
2020-11-06 15:20:35,196:INFO:Fitting Model
2020-11-06 15:20:35,222:INFO:Evaluating Metrics
2020-11-06 15:20:35,225:INFO:No inverse transformer found
2020-11-06 15:20:35,225:INFO:Compiling Metrics
2020-11-06 15:20:35,233:INFO:Initializing Fold 3
2020-11-06 15:20:35,233:INFO:Total runtime is 0.007783480485280355 minutes
2020-11-06 15:20:35,240:INFO:Fitting Model
2020-11-06 15:20:35,266:INFO:Evaluating Metrics
2020-11-06 15:20:35,270:INFO:No inverse transformer found
2020-11-06 15:20:35,270:INFO:Compiling Metrics
2020-11-06 15:20:35,280:INFO:Initializing Fold 4
2020-11-06 15:20:35,280:INFO:Total runtime is 0.00856689214706421 minutes
2020-11-06 15:20:35,286:INFO:Fitting Model
2020-11-06 15:20:35,313:INFO:Evaluating Metrics
2020-11-06 15:20:35,315:INFO:No inverse transformer found
2020-11-06 15:20:35,315:INFO:Compiling Metrics
2020-11-06 15:20:35,322:INFO:Initializing Fold 5
2020-11-06 15:20:35,322:INFO:Total runtime is 0.009267520904541016 minutes
2020-11-06 15:20:35,328:INFO:Fitting Model
2020-11-06 15:20:35,356:INFO:Evaluating Metrics
2020-11-06 15:20:35,360:INFO:No inverse transformer found
2020-11-06 15:20:35,361:INFO:Compiling Metrics
2020-11-06 15:20:35,368:INFO:Initializing Fold 6
2020-11-06 15:20:35,368:INFO:Total runtime is 0.010033694903055827 minutes
2020-11-06 15:20:35,374:INFO:Fitting Model
2020-11-06 15:20:35,409:INFO:Evaluating Metrics
2020-11-06 15:20:35,413:INFO:No inverse transformer found
2020-11-06 15:20:35,413:INFO:Compiling Metrics
2020-11-06 15:20:35,421:INFO:Initializing Fold 7
2020-11-06 15:20:35,422:INFO:Total runtime is 0.010930919647216797 minutes
2020-11-06 15:20:35,429:INFO:Fitting Model
2020-11-06 15:20:35,451:INFO:Evaluating Metrics
2020-11-06 15:20:35,453:INFO:No inverse transformer found
2020-11-06 15:20:35,453:INFO:Compiling Metrics
2020-11-06 15:20:35,462:INFO:Initializing Fold 8
2020-11-06 15:20:35,463:INFO:Total runtime is 0.011611425876617431 minutes
2020-11-06 15:20:35,474:INFO:Fitting Model
2020-11-06 15:20:35,501:INFO:Evaluating Metrics
2020-11-06 15:20:35,505:INFO:No inverse transformer found
2020-11-06 15:20:35,506:INFO:Compiling Metrics
2020-11-06 15:20:35,519:INFO:Initializing Fold 9
2020-11-06 15:20:35,520:INFO:Total runtime is 0.012562827269236247 minutes
2020-11-06 15:20:35,531:INFO:Fitting Model
2020-11-06 15:20:35,559:INFO:Evaluating Metrics
2020-11-06 15:20:35,563:INFO:No inverse transformer found
2020-11-06 15:20:35,564:INFO:Compiling Metrics
2020-11-06 15:20:35,572:INFO:Initializing Fold 10
2020-11-06 15:20:35,573:INFO:Total runtime is 0.013446231683095297 minutes
2020-11-06 15:20:35,583:INFO:Fitting Model
2020-11-06 15:20:35,609:INFO:Evaluating Metrics
2020-11-06 15:20:35,612:INFO:No inverse transformer found
2020-11-06 15:20:35,612:INFO:Compiling Metrics
2020-11-06 15:20:35,619:INFO:Calculating mean and std
2020-11-06 15:20:35,619:INFO:Creating metrics dataframe
2020-11-06 15:20:35,630:INFO:Initializing Ridge Regression
2020-11-06 15:20:35,636:INFO:Initializing Fold 1
2020-11-06 15:20:35,637:INFO:Total runtime is 0.014513055483500164 minutes
2020-11-06 15:20:35,653:INFO:Fitting Model
2020-11-06 15:20:35,663:INFO:Evaluating Metrics
2020-11-06 15:20:35,666:INFO:No inverse transformer found
2020-11-06 15:20:35,666:INFO:Compiling Metrics
2020-11-06 15:20:35,678:INFO:Initializing Fold 2
2020-11-06 15:20:35,680:INFO:Total runtime is 0.015229813257853192 minutes
2020-11-06 15:20:35,693:INFO:Fitting Model
2020-11-06 15:20:35,699:INFO:Evaluating Metrics
2020-11-06 15:20:35,702:INFO:No inverse transformer found
2020-11-06 15:20:35,703:INFO:Compiling Metrics
2020-11-06 15:20:35,718:INFO:Initializing Fold 3
2020-11-06 15:20:35,721:INFO:Total runtime is 0.01591316064198812 minutes
2020-11-06 15:20:35,737:INFO:Fitting Model
2020-11-06 15:20:35,745:INFO:Evaluating Metrics
2020-11-06 15:20:35,750:INFO:No inverse transformer found
2020-11-06 15:20:35,750:INFO:Compiling Metrics
2020-11-06 15:20:35,765:INFO:Initializing Fold 4
2020-11-06 15:20:35,766:INFO:Total runtime is 0.0166631817817688 minutes
2020-11-06 15:20:35,777:INFO:Fitting Model
2020-11-06 15:20:35,782:INFO:Evaluating Metrics
2020-11-06 15:20:35,786:INFO:No inverse transformer found
2020-11-06 15:20:35,787:INFO:Compiling Metrics
2020-11-06 15:20:35,798:INFO:Initializing Fold 5
2020-11-06 15:20:35,801:INFO:Total runtime is 0.017246874173482262 minutes
2020-11-06 15:20:35,815:INFO:Fitting Model
2020-11-06 15:20:35,822:INFO:Evaluating Metrics
2020-11-06 15:20:35,826:INFO:No inverse transformer found
2020-11-06 15:20:35,826:INFO:Compiling Metrics
2020-11-06 15:20:35,839:INFO:Initializing Fold 6
2020-11-06 15:20:35,841:INFO:Total runtime is 0.017913297812143965 minutes
2020-11-06 15:20:35,853:INFO:Fitting Model
2020-11-06 15:20:35,857:INFO:Evaluating Metrics
2020-11-06 15:20:35,860:INFO:No inverse transformer found
2020-11-06 15:20:35,860:INFO:Compiling Metrics
2020-11-06 15:20:35,873:INFO:Initializing Fold 7
2020-11-06 15:20:35,875:INFO:Total runtime is 0.01848017772038778 minutes
2020-11-06 15:20:35,885:INFO:Fitting Model
2020-11-06 15:20:35,889:INFO:Evaluating Metrics
2020-11-06 15:20:35,891:INFO:No inverse transformer found
2020-11-06 15:20:35,891:INFO:Compiling Metrics
2020-11-06 15:20:35,899:INFO:Initializing Fold 8
2020-11-06 15:20:35,901:INFO:Total runtime is 0.018913396199544276 minutes
2020-11-06 15:20:35,917:INFO:Fitting Model
2020-11-06 15:20:35,921:INFO:Evaluating Metrics
2020-11-06 15:20:35,928:INFO:No inverse transformer found
2020-11-06 15:20:35,929:INFO:Compiling Metrics
2020-11-06 15:20:35,945:INFO:Initializing Fold 9
2020-11-06 15:20:35,947:INFO:Total runtime is 0.019680090745290126 minutes
2020-11-06 15:20:35,954:INFO:Fitting Model
2020-11-06 15:20:35,958:INFO:Evaluating Metrics
2020-11-06 15:20:35,962:INFO:No inverse transformer found
2020-11-06 15:20:35,962:INFO:Compiling Metrics
2020-11-06 15:20:35,978:INFO:Initializing Fold 10
2020-11-06 15:20:35,979:INFO:Total runtime is 0.020213580131530767 minutes
2020-11-06 15:20:35,992:INFO:Fitting Model
2020-11-06 15:20:35,997:INFO:Evaluating Metrics
2020-11-06 15:20:35,999:INFO:No inverse transformer found
2020-11-06 15:20:35,999:INFO:Compiling Metrics
2020-11-06 15:20:36,014:INFO:Calculating mean and std
2020-11-06 15:20:36,015:INFO:Creating metrics dataframe
2020-11-06 15:20:36,038:INFO:Initializing Elastic Net
2020-11-06 15:20:36,049:INFO:Initializing Fold 1
2020-11-06 15:20:36,050:INFO:Total runtime is 0.021396938959757493 minutes
2020-11-06 15:20:36,059:INFO:Fitting Model
2020-11-06 15:20:36,064:INFO:Evaluating Metrics
2020-11-06 15:20:36,067:INFO:No inverse transformer found
2020-11-06 15:20:36,067:INFO:Compiling Metrics
2020-11-06 15:20:36,082:INFO:Initializing Fold 2
2020-11-06 15:20:36,082:INFO:Total runtime is 0.021930273373921717 minutes
2020-11-06 15:20:36,097:INFO:Fitting Model
2020-11-06 15:20:36,102:INFO:Evaluating Metrics
2020-11-06 15:20:36,104:INFO:No inverse transformer found
2020-11-06 15:20:36,104:INFO:Compiling Metrics
2020-11-06 15:20:36,123:INFO:Initializing Fold 3
2020-11-06 15:20:36,126:INFO:Total runtime is 0.02264757951100668 minutes
2020-11-06 15:20:36,138:INFO:Fitting Model
2020-11-06 15:20:36,147:INFO:Evaluating Metrics
2020-11-06 15:20:36,150:INFO:No inverse transformer found
2020-11-06 15:20:36,150:INFO:Compiling Metrics
2020-11-06 15:20:36,163:INFO:Initializing Fold 4
2020-11-06 15:20:36,165:INFO:Total runtime is 0.02331382036209107 minutes
2020-11-06 15:20:36,181:INFO:Fitting Model
2020-11-06 15:20:36,187:INFO:Evaluating Metrics
2020-11-06 15:20:36,191:INFO:No inverse transformer found
2020-11-06 15:20:36,192:INFO:Compiling Metrics
2020-11-06 15:20:36,204:INFO:Initializing Fold 5
2020-11-06 15:20:36,204:INFO:Total runtime is 0.023963777224222826 minutes
2020-11-06 15:20:36,214:INFO:Fitting Model
2020-11-06 15:20:36,220:INFO:Evaluating Metrics
2020-11-06 15:20:36,225:INFO:No inverse transformer found
2020-11-06 15:20:36,225:INFO:Compiling Metrics
2020-11-06 15:20:36,234:INFO:Initializing Fold 6
2020-11-06 15:20:36,236:INFO:Total runtime is 0.024497437477111823 minutes
2020-11-06 15:20:36,249:INFO:Fitting Model
2020-11-06 15:20:36,252:INFO:Evaluating Metrics
2020-11-06 15:20:36,257:INFO:No inverse transformer found
2020-11-06 15:20:36,257:INFO:Compiling Metrics
2020-11-06 15:20:36,265:INFO:Initializing Fold 7
2020-11-06 15:20:36,268:INFO:Total runtime is 0.025030537446339932 minutes
2020-11-06 15:20:36,281:INFO:Fitting Model
2020-11-06 15:20:36,285:INFO:Evaluating Metrics
2020-11-06 15:20:36,290:INFO:No inverse transformer found
2020-11-06 15:20:36,290:INFO:Compiling Metrics
2020-11-06 15:20:36,300:INFO:Initializing Fold 8
2020-11-06 15:20:36,302:INFO:Total runtime is 0.02559752066930136 minutes
2020-11-06 15:20:36,314:INFO:Fitting Model
2020-11-06 15:20:36,319:INFO:Evaluating Metrics
2020-11-06 15:20:36,324:INFO:No inverse transformer found
2020-11-06 15:20:36,324:INFO:Compiling Metrics
2020-11-06 15:20:36,334:INFO:Initializing Fold 9
2020-11-06 15:20:36,336:INFO:Total runtime is 0.026164130369822194 minutes
2020-11-06 15:20:36,348:INFO:Fitting Model
2020-11-06 15:20:36,352:INFO:Evaluating Metrics
2020-11-06 15:20:36,357:INFO:No inverse transformer found
2020-11-06 15:20:36,357:INFO:Compiling Metrics
2020-11-06 15:20:36,367:INFO:Initializing Fold 10
2020-11-06 15:20:36,369:INFO:Total runtime is 0.02671416997909547 minutes
2020-11-06 15:20:36,380:INFO:Fitting Model
2020-11-06 15:20:36,384:INFO:Evaluating Metrics
2020-11-06 15:20:36,387:INFO:No inverse transformer found
2020-11-06 15:20:36,387:INFO:Compiling Metrics
2020-11-06 15:20:36,396:INFO:Calculating mean and std
2020-11-06 15:20:36,397:INFO:Creating metrics dataframe
2020-11-06 15:20:36,416:INFO:Initializing Least Angle Regression
2020-11-06 15:20:36,429:INFO:Initializing Fold 1
2020-11-06 15:20:36,430:INFO:Total runtime is 0.027730794747670505 minutes
2020-11-06 15:20:36,438:INFO:Fitting Model
2020-11-06 15:20:36,454:INFO:Evaluating Metrics
2020-11-06 15:20:36,457:INFO:No inverse transformer found
2020-11-06 15:20:36,457:INFO:Compiling Metrics
2020-11-06 15:20:36,473:INFO:Initializing Fold 2
2020-11-06 15:20:36,475:INFO:Total runtime is 0.02848090728123984 minutes
2020-11-06 15:20:36,481:INFO:Fitting Model
2020-11-06 15:20:36,487:INFO:Evaluating Metrics
2020-11-06 15:20:36,488:INFO:No inverse transformer found
2020-11-06 15:20:36,489:INFO:Compiling Metrics
2020-11-06 15:20:36,504:INFO:Initializing Fold 3
2020-11-06 15:20:36,506:INFO:Total runtime is 0.02899761199951173 minutes
2020-11-06 15:20:36,519:INFO:Fitting Model
2020-11-06 15:20:36,527:INFO:Evaluating Metrics
2020-11-06 15:20:36,529:INFO:No inverse transformer found
2020-11-06 15:20:36,530:INFO:Compiling Metrics
2020-11-06 15:20:36,546:INFO:Initializing Fold 4
2020-11-06 15:20:36,547:INFO:Total runtime is 0.029680983225504567 minutes
2020-11-06 15:20:36,555:INFO:Fitting Model
2020-11-06 15:20:36,564:INFO:Evaluating Metrics
2020-11-06 15:20:36,566:INFO:No inverse transformer found
2020-11-06 15:20:36,566:INFO:Compiling Metrics
2020-11-06 15:20:36,579:INFO:Initializing Fold 5
2020-11-06 15:20:36,579:INFO:Total runtime is 0.03021431763966879 minutes
2020-11-06 15:20:36,588:INFO:Fitting Model
2020-11-06 15:20:36,601:INFO:Evaluating Metrics
2020-11-06 15:20:36,606:INFO:No inverse transformer found
2020-11-06 15:20:36,606:INFO:Compiling Metrics
2020-11-06 15:20:36,613:INFO:Initializing Fold 6
2020-11-06 15:20:36,614:INFO:Total runtime is 0.030797696113586435 minutes
2020-11-06 15:20:36,621:INFO:Fitting Model
2020-11-06 15:20:36,630:INFO:Evaluating Metrics
2020-11-06 15:20:36,632:INFO:No inverse transformer found
2020-11-06 15:20:36,632:INFO:Compiling Metrics
2020-11-06 15:20:36,643:INFO:Initializing Fold 7
2020-11-06 15:20:36,644:INFO:Total runtime is 0.031297711531321215 minutes
2020-11-06 15:20:36,650:INFO:Fitting Model
2020-11-06 15:20:36,683:INFO:Evaluating Metrics
2020-11-06 15:20:36,686:INFO:No inverse transformer found
2020-11-06 15:20:36,686:INFO:Compiling Metrics
2020-11-06 15:20:36,698:INFO:Initializing Fold 8
2020-11-06 15:20:36,699:INFO:Total runtime is 0.03221453825632732 minutes
2020-11-06 15:20:36,709:INFO:Fitting Model
2020-11-06 15:20:36,718:INFO:Evaluating Metrics
2020-11-06 15:20:36,722:INFO:No inverse transformer found
2020-11-06 15:20:36,722:INFO:Compiling Metrics
2020-11-06 15:20:36,741:INFO:Initializing Fold 9
2020-11-06 15:20:36,742:INFO:Total runtime is 0.03293121655782065 minutes
2020-11-06 15:20:36,750:INFO:Fitting Model
2020-11-06 15:20:36,760:INFO:Evaluating Metrics
2020-11-06 15:20:36,765:INFO:No inverse transformer found
2020-11-06 15:20:36,765:INFO:Compiling Metrics
2020-11-06 15:20:36,780:INFO:Initializing Fold 10
2020-11-06 15:20:36,781:INFO:Total runtime is 0.03358127673467001 minutes
2020-11-06 15:20:36,788:INFO:Fitting Model
2020-11-06 15:20:36,800:INFO:Evaluating Metrics
2020-11-06 15:20:36,803:INFO:No inverse transformer found
2020-11-06 15:20:36,803:INFO:Compiling Metrics
2020-11-06 15:20:36,813:INFO:Calculating mean and std
2020-11-06 15:20:36,813:INFO:Creating metrics dataframe
2020-11-06 15:20:36,825:INFO:Initializing Lasso Least Angle Regression
2020-11-06 15:20:36,834:INFO:Initializing Fold 1
2020-11-06 15:20:36,836:INFO:Total runtime is 0.03449804782867433 minutes
2020-11-06 15:20:36,847:INFO:Fitting Model
2020-11-06 15:20:36,852:INFO:Evaluating Metrics
2020-11-06 15:20:36,854:INFO:No inverse transformer found
2020-11-06 15:20:36,854:INFO:Compiling Metrics
2020-11-06 15:20:36,871:INFO:Initializing Fold 2
2020-11-06 15:20:36,873:INFO:Total runtime is 0.035114856561025 minutes
2020-11-06 15:20:36,889:INFO:Fitting Model
2020-11-06 15:20:36,899:INFO:Evaluating Metrics
2020-11-06 15:20:36,902:INFO:No inverse transformer found
2020-11-06 15:20:36,902:INFO:Compiling Metrics
2020-11-06 15:20:36,917:INFO:Initializing Fold 3
2020-11-06 15:20:36,918:INFO:Total runtime is 0.035864845911661794 minutes
2020-11-06 15:20:36,934:INFO:Fitting Model
2020-11-06 15:20:36,948:INFO:Evaluating Metrics
2020-11-06 15:20:36,951:INFO:No inverse transformer found
2020-11-06 15:20:36,951:INFO:Compiling Metrics
2020-11-06 15:20:36,964:INFO:Initializing Fold 4
2020-11-06 15:20:36,965:INFO:Total runtime is 0.03664816220601401 minutes
2020-11-06 15:20:36,974:INFO:Fitting Model
2020-11-06 15:20:36,983:INFO:Evaluating Metrics
2020-11-06 15:20:36,988:INFO:No inverse transformer found
2020-11-06 15:20:36,989:INFO:Compiling Metrics
2020-11-06 15:20:36,998:INFO:Initializing Fold 5
2020-11-06 15:20:37,000:INFO:Total runtime is 0.03723188638687135 minutes
2020-11-06 15:20:37,013:INFO:Fitting Model
2020-11-06 15:20:37,021:INFO:Evaluating Metrics
2020-11-06 15:20:37,024:INFO:No inverse transformer found
2020-11-06 15:20:37,024:INFO:Compiling Metrics
2020-11-06 15:20:37,031:INFO:Initializing Fold 6
2020-11-06 15:20:37,032:INFO:Total runtime is 0.03776527245839438 minutes
2020-11-06 15:20:37,048:INFO:Fitting Model
2020-11-06 15:20:37,054:INFO:Evaluating Metrics
2020-11-06 15:20:37,059:INFO:No inverse transformer found
2020-11-06 15:20:37,060:INFO:Compiling Metrics
2020-11-06 15:20:37,069:INFO:Initializing Fold 7
2020-11-06 15:20:37,071:INFO:Total runtime is 0.03841501077016196 minutes
2020-11-06 15:20:37,084:INFO:Fitting Model
2020-11-06 15:20:37,092:INFO:Evaluating Metrics
2020-11-06 15:20:37,094:INFO:No inverse transformer found
2020-11-06 15:20:37,095:INFO:Compiling Metrics
2020-11-06 15:20:37,109:INFO:Initializing Fold 8
2020-11-06 15:20:37,111:INFO:Total runtime is 0.03908180395762127 minutes
2020-11-06 15:20:37,121:INFO:Fitting Model
2020-11-06 15:20:37,129:INFO:Evaluating Metrics
2020-11-06 15:20:37,134:INFO:No inverse transformer found
2020-11-06 15:20:37,134:INFO:Compiling Metrics
2020-11-06 15:20:37,147:INFO:Initializing Fold 9
2020-11-06 15:20:37,148:INFO:Total runtime is 0.03969845771789552 minutes
2020-11-06 15:20:37,154:INFO:Fitting Model
2020-11-06 15:20:37,161:INFO:Evaluating Metrics
2020-11-06 15:20:37,164:INFO:No inverse transformer found
2020-11-06 15:20:37,164:INFO:Compiling Metrics
2020-11-06 15:20:37,179:INFO:Initializing Fold 10
2020-11-06 15:20:37,180:INFO:Total runtime is 0.040231839815775564 minutes
2020-11-06 15:20:37,187:INFO:Fitting Model
2020-11-06 15:20:37,194:INFO:Evaluating Metrics
2020-11-06 15:20:37,197:INFO:No inverse transformer found
2020-11-06 15:20:37,197:INFO:Compiling Metrics
2020-11-06 15:20:37,212:INFO:Calculating mean and std
2020-11-06 15:20:37,213:INFO:Creating metrics dataframe
2020-11-06 15:20:37,228:INFO:Initializing Orthogonal Matching Pursuit
2020-11-06 15:20:37,239:INFO:Initializing Fold 1
2020-11-06 15:20:37,240:INFO:Total runtime is 0.04123192230860393 minutes
2020-11-06 15:20:37,251:INFO:Fitting Model
2020-11-06 15:20:37,255:INFO:Evaluating Metrics
2020-11-06 15:20:37,259:INFO:No inverse transformer found
2020-11-06 15:20:37,259:INFO:Compiling Metrics
2020-11-06 15:20:37,279:INFO:Initializing Fold 2
2020-11-06 15:20:37,282:INFO:Total runtime is 0.041915365060170504 minutes
2020-11-06 15:20:37,295:INFO:Fitting Model
2020-11-06 15:20:37,299:INFO:Evaluating Metrics
2020-11-06 15:20:37,300:INFO:No inverse transformer found
2020-11-06 15:20:37,300:INFO:Compiling Metrics
2020-11-06 15:20:37,315:INFO:Initializing Fold 3
2020-11-06 15:20:37,318:INFO:Total runtime is 0.0425322453180949 minutes
2020-11-06 15:20:37,332:INFO:Fitting Model
2020-11-06 15:20:37,335:INFO:Evaluating Metrics
2020-11-06 15:20:37,338:INFO:No inverse transformer found
2020-11-06 15:20:37,338:INFO:Compiling Metrics
2020-11-06 15:20:37,354:INFO:Initializing Fold 4
2020-11-06 15:20:37,355:INFO:Total runtime is 0.04314874807993572 minutes
2020-11-06 15:20:37,365:INFO:Fitting Model
2020-11-06 15:20:37,368:INFO:Evaluating Metrics
2020-11-06 15:20:37,369:INFO:No inverse transformer found
2020-11-06 15:20:37,369:INFO:Compiling Metrics
2020-11-06 15:20:37,381:INFO:Initializing Fold 5
2020-11-06 15:20:37,382:INFO:Total runtime is 0.04359877506891887 minutes
2020-11-06 15:20:37,399:INFO:Fitting Model
2020-11-06 15:20:37,402:INFO:Evaluating Metrics
2020-11-06 15:20:37,404:INFO:No inverse transformer found
2020-11-06 15:20:37,404:INFO:Compiling Metrics
2020-11-06 15:20:37,422:INFO:Initializing Fold 6
2020-11-06 15:20:37,423:INFO:Total runtime is 0.04428224166234335 minutes
2020-11-06 15:20:37,437:INFO:Fitting Model
2020-11-06 15:20:37,441:INFO:Evaluating Metrics
2020-11-06 15:20:37,445:INFO:No inverse transformer found
2020-11-06 15:20:37,446:INFO:Compiling Metrics
2020-11-06 15:20:37,458:INFO:Initializing Fold 7
2020-11-06 15:20:37,459:INFO:Total runtime is 0.04488224585851034 minutes
2020-11-06 15:20:37,467:INFO:Fitting Model
2020-11-06 15:20:37,470:INFO:Evaluating Metrics
2020-11-06 15:20:37,473:INFO:No inverse transformer found
2020-11-06 15:20:37,473:INFO:Compiling Metrics
2020-11-06 15:20:37,483:INFO:Initializing Fold 8
2020-11-06 15:20:37,484:INFO:Total runtime is 0.045298930009206144 minutes
2020-11-06 15:20:37,498:INFO:Fitting Model
2020-11-06 15:20:37,503:INFO:Evaluating Metrics
2020-11-06 15:20:37,507:INFO:No inverse transformer found
2020-11-06 15:20:37,508:INFO:Compiling Metrics
2020-11-06 15:20:37,528:INFO:Initializing Fold 9
2020-11-06 15:20:37,531:INFO:Total runtime is 0.04608249266942343 minutes
2020-11-06 15:20:37,549:INFO:Fitting Model
2020-11-06 15:20:37,555:INFO:Evaluating Metrics
2020-11-06 15:20:37,560:INFO:No inverse transformer found
2020-11-06 15:20:37,560:INFO:Compiling Metrics
2020-11-06 15:20:37,578:INFO:Initializing Fold 10
2020-11-06 15:20:37,581:INFO:Total runtime is 0.04691590468088787 minutes
2020-11-06 15:20:37,598:INFO:Fitting Model
2020-11-06 15:20:37,601:INFO:Evaluating Metrics
2020-11-06 15:20:37,605:INFO:No inverse transformer found
2020-11-06 15:20:37,605:INFO:Compiling Metrics
2020-11-06 15:20:37,620:INFO:Calculating mean and std
2020-11-06 15:20:37,621:INFO:Creating metrics dataframe
2020-11-06 15:20:37,640:INFO:Initializing Bayesian Ridge
2020-11-06 15:20:37,653:INFO:Initializing Fold 1
2020-11-06 15:20:37,654:INFO:Total runtime is 0.04813257455825807 minutes
2020-11-06 15:20:37,668:INFO:Fitting Model
2020-11-06 15:20:37,680:INFO:Evaluating Metrics
2020-11-06 15:20:37,682:INFO:No inverse transformer found
2020-11-06 15:20:37,682:INFO:Compiling Metrics
2020-11-06 15:20:37,701:INFO:Initializing Fold 2
2020-11-06 15:20:37,702:INFO:Total runtime is 0.04893258810043336 minutes
2020-11-06 15:20:37,720:INFO:Fitting Model
2020-11-06 15:20:37,735:INFO:Evaluating Metrics
2020-11-06 15:20:37,739:INFO:No inverse transformer found
2020-11-06 15:20:37,739:INFO:Compiling Metrics
2020-11-06 15:20:37,757:INFO:Initializing Fold 3
2020-11-06 15:20:37,758:INFO:Total runtime is 0.04986610412597658 minutes
2020-11-06 15:20:37,768:INFO:Fitting Model
2020-11-06 15:20:37,777:INFO:Evaluating Metrics
2020-11-06 15:20:37,783:INFO:No inverse transformer found
2020-11-06 15:20:37,783:INFO:Compiling Metrics
2020-11-06 15:20:37,793:INFO:Initializing Fold 4
2020-11-06 15:20:37,797:INFO:Total runtime is 0.05051612059275311 minutes
2020-11-06 15:20:37,812:INFO:Fitting Model
2020-11-06 15:20:37,825:INFO:Evaluating Metrics
2020-11-06 15:20:37,831:INFO:No inverse transformer found
2020-11-06 15:20:37,831:INFO:Compiling Metrics
2020-11-06 15:20:37,847:INFO:Initializing Fold 5
2020-11-06 15:20:37,849:INFO:Total runtime is 0.05137526988983156 minutes
2020-11-06 15:20:37,862:INFO:Fitting Model
2020-11-06 15:20:37,870:INFO:Evaluating Metrics
2020-11-06 15:20:37,875:INFO:No inverse transformer found
2020-11-06 15:20:37,876:INFO:Compiling Metrics
2020-11-06 15:20:37,886:INFO:Initializing Fold 6
2020-11-06 15:20:37,888:INFO:Total runtime is 0.05202540556589764 minutes
2020-11-06 15:20:37,899:INFO:Fitting Model
2020-11-06 15:20:37,909:INFO:Evaluating Metrics
2020-11-06 15:20:37,912:INFO:No inverse transformer found
2020-11-06 15:20:37,912:INFO:Compiling Metrics
2020-11-06 15:20:37,925:INFO:Initializing Fold 7
2020-11-06 15:20:37,927:INFO:Total runtime is 0.05267532666524253 minutes
2020-11-06 15:20:37,937:INFO:Fitting Model
2020-11-06 15:20:37,946:INFO:Evaluating Metrics
2020-11-06 15:20:37,948:INFO:No inverse transformer found
2020-11-06 15:20:37,948:INFO:Compiling Metrics
2020-11-06 15:20:37,960:INFO:Initializing Fold 8
2020-11-06 15:20:37,963:INFO:Total runtime is 0.053275418281555194 minutes
2020-11-06 15:20:37,971:INFO:Fitting Model
2020-11-06 15:20:37,979:INFO:Evaluating Metrics
2020-11-06 15:20:37,982:INFO:No inverse transformer found
2020-11-06 15:20:37,982:INFO:Compiling Metrics
2020-11-06 15:20:37,997:INFO:Initializing Fold 9
2020-11-06 15:20:37,998:INFO:Total runtime is 0.05385866165161134 minutes
2020-11-06 15:20:38,004:INFO:Fitting Model
2020-11-06 15:20:38,012:INFO:Evaluating Metrics
2020-11-06 15:20:38,014:INFO:No inverse transformer found
2020-11-06 15:20:38,014:INFO:Compiling Metrics
2020-11-06 15:20:38,030:INFO:Initializing Fold 10
2020-11-06 15:20:38,031:INFO:Total runtime is 0.054408721129099544 minutes
2020-11-06 15:20:38,037:INFO:Fitting Model
2020-11-06 15:20:38,044:INFO:Evaluating Metrics
2020-11-06 15:20:38,045:INFO:No inverse transformer found
2020-11-06 15:20:38,045:INFO:Compiling Metrics
2020-11-06 15:20:38,055:INFO:Calculating mean and std
2020-11-06 15:20:38,055:INFO:Creating metrics dataframe
2020-11-06 15:20:38,072:INFO:Initializing Passive Aggressive Regressor
2020-11-06 15:20:38,079:INFO:Initializing Fold 1
2020-11-06 15:20:38,080:INFO:Total runtime is 0.05522547165552777 minutes
2020-11-06 15:20:38,098:INFO:Fitting Model
2020-11-06 15:20:38,189:INFO:Evaluating Metrics
2020-11-06 15:20:38,191:INFO:No inverse transformer found
2020-11-06 15:20:38,191:INFO:Compiling Metrics
2020-11-06 15:20:38,198:INFO:Initializing Fold 2
2020-11-06 15:20:38,198:INFO:Total runtime is 0.05719226598739626 minutes
2020-11-06 15:20:38,205:INFO:Fitting Model
2020-11-06 15:20:38,277:INFO:Evaluating Metrics
2020-11-06 15:20:38,279:INFO:No inverse transformer found
2020-11-06 15:20:38,279:INFO:Compiling Metrics
2020-11-06 15:20:38,285:INFO:Initializing Fold 3
2020-11-06 15:20:38,286:INFO:Total runtime is 0.05864237546920779 minutes
2020-11-06 15:20:38,292:INFO:Fitting Model
2020-11-06 15:20:38,366:INFO:Evaluating Metrics
2020-11-06 15:20:38,368:INFO:No inverse transformer found
2020-11-06 15:20:38,368:INFO:Compiling Metrics
2020-11-06 15:20:38,374:INFO:Initializing Fold 4
2020-11-06 15:20:38,374:INFO:Total runtime is 0.060125843683878605 minutes
2020-11-06 15:20:38,380:INFO:Fitting Model
2020-11-06 15:20:38,442:INFO:Evaluating Metrics
2020-11-06 15:20:38,445:INFO:No inverse transformer found
2020-11-06 15:20:38,445:INFO:Compiling Metrics
2020-11-06 15:20:38,452:INFO:Initializing Fold 5
2020-11-06 15:20:38,452:INFO:Total runtime is 0.06142595609029137 minutes
2020-11-06 15:20:38,458:INFO:Fitting Model
2020-11-06 15:20:38,528:INFO:Evaluating Metrics
2020-11-06 15:20:38,530:INFO:No inverse transformer found
2020-11-06 15:20:38,530:INFO:Compiling Metrics
2020-11-06 15:20:38,536:INFO:Initializing Fold 6
2020-11-06 15:20:38,537:INFO:Total runtime is 0.06284274657567344 minutes
2020-11-06 15:20:38,542:INFO:Fitting Model
2020-11-06 15:20:38,610:INFO:Evaluating Metrics
2020-11-06 15:20:38,612:INFO:No inverse transformer found
2020-11-06 15:20:38,612:INFO:Compiling Metrics
2020-11-06 15:20:38,618:INFO:Initializing Fold 7
2020-11-06 15:20:38,618:INFO:Total runtime is 0.06419284741083783 minutes
2020-11-06 15:20:38,624:INFO:Fitting Model
2020-11-06 15:20:38,682:INFO:Evaluating Metrics
2020-11-06 15:20:38,683:INFO:No inverse transformer found
2020-11-06 15:20:38,683:INFO:Compiling Metrics
2020-11-06 15:20:38,689:INFO:Initializing Fold 8
2020-11-06 15:20:38,690:INFO:Total runtime is 0.06539295911788943 minutes
2020-11-06 15:20:38,696:INFO:Fitting Model
2020-11-06 15:20:38,762:INFO:Evaluating Metrics
2020-11-06 15:20:38,764:INFO:No inverse transformer found
2020-11-06 15:20:38,764:INFO:Compiling Metrics
2020-11-06 15:20:38,770:INFO:Initializing Fold 9
2020-11-06 15:20:38,770:INFO:Total runtime is 0.06672640244166059 minutes
2020-11-06 15:20:38,777:INFO:Fitting Model
2020-11-06 15:20:38,841:INFO:Evaluating Metrics
2020-11-06 15:20:38,843:INFO:No inverse transformer found
2020-11-06 15:20:38,843:INFO:Compiling Metrics
2020-11-06 15:20:38,849:INFO:Initializing Fold 10
2020-11-06 15:20:38,850:INFO:Total runtime is 0.06805985371271772 minutes
2020-11-06 15:20:38,855:INFO:Fitting Model
2020-11-06 15:20:38,923:INFO:Evaluating Metrics
2020-11-06 15:20:38,925:INFO:No inverse transformer found
2020-11-06 15:20:38,925:INFO:Compiling Metrics
2020-11-06 15:20:38,931:INFO:Calculating mean and std
2020-11-06 15:20:38,932:INFO:Creating metrics dataframe
2020-11-06 15:20:38,952:INFO:Initializing Random Sample Consensus
2020-11-06 15:20:38,957:INFO:Initializing Fold 1
2020-11-06 15:20:38,958:INFO:Total runtime is 0.06986006895701094 minutes
2020-11-06 15:20:38,974:INFO:Fitting Model
2020-11-06 15:20:39,226:INFO:Evaluating Metrics
2020-11-06 15:20:39,228:INFO:No inverse transformer found
2020-11-06 15:20:39,228:INFO:Compiling Metrics
2020-11-06 15:20:39,234:INFO:Initializing Fold 2
2020-11-06 15:20:39,235:INFO:Total runtime is 0.07447705268859867 minutes
2020-11-06 15:20:39,241:INFO:Fitting Model
2020-11-06 15:20:39,477:INFO:Evaluating Metrics
2020-11-06 15:20:39,479:INFO:No inverse transformer found
2020-11-06 15:20:39,480:INFO:Compiling Metrics
2020-11-06 15:20:39,489:INFO:Initializing Fold 3
2020-11-06 15:20:39,490:INFO:Total runtime is 0.07872742811838788 minutes
2020-11-06 15:20:39,498:INFO:Fitting Model
2020-11-06 15:20:39,735:INFO:Evaluating Metrics
2020-11-06 15:20:39,737:INFO:No inverse transformer found
2020-11-06 15:20:39,737:INFO:Compiling Metrics
2020-11-06 15:20:39,744:INFO:Initializing Fold 4
2020-11-06 15:20:39,744:INFO:Total runtime is 0.0829610864321391 minutes
2020-11-06 15:20:39,752:INFO:Fitting Model
2020-11-06 15:20:40,002:INFO:Evaluating Metrics
2020-11-06 15:20:40,004:INFO:No inverse transformer found
2020-11-06 15:20:40,004:INFO:Compiling Metrics
2020-11-06 15:20:40,011:INFO:Initializing Fold 5
2020-11-06 15:20:40,011:INFO:Total runtime is 0.08741147120793663 minutes
2020-11-06 15:20:40,018:INFO:Fitting Model
2020-11-06 15:20:40,261:INFO:Evaluating Metrics
2020-11-06 15:20:40,262:INFO:No inverse transformer found
2020-11-06 15:20:40,262:INFO:Compiling Metrics
2020-11-06 15:20:40,269:INFO:Initializing Fold 6
2020-11-06 15:20:40,269:INFO:Total runtime is 0.09171181519826256 minutes
2020-11-06 15:20:40,276:INFO:Fitting Model
2020-11-06 15:20:40,537:INFO:Evaluating Metrics
2020-11-06 15:20:40,538:INFO:No inverse transformer found
2020-11-06 15:20:40,538:INFO:Compiling Metrics
2020-11-06 15:20:40,545:INFO:Initializing Fold 7
2020-11-06 15:20:40,545:INFO:Total runtime is 0.09630440473556522 minutes
2020-11-06 15:20:40,552:INFO:Fitting Model
2020-11-06 15:20:40,798:INFO:Evaluating Metrics
2020-11-06 15:20:40,799:INFO:No inverse transformer found
2020-11-06 15:20:40,799:INFO:Compiling Metrics
2020-11-06 15:20:40,806:INFO:Initializing Fold 8
2020-11-06 15:20:40,807:INFO:Total runtime is 0.10067146221796675 minutes
2020-11-06 15:20:40,816:INFO:Fitting Model
2020-11-06 15:20:41,055:INFO:Evaluating Metrics
2020-11-06 15:20:41,057:INFO:No inverse transformer found
2020-11-06 15:20:41,057:INFO:Compiling Metrics
2020-11-06 15:20:41,064:INFO:Initializing Fold 9
2020-11-06 15:20:41,064:INFO:Total runtime is 0.10495511690775557 minutes
2020-11-06 15:20:41,071:INFO:Fitting Model
2020-11-06 15:20:41,326:INFO:Evaluating Metrics
2020-11-06 15:20:41,328:INFO:No inverse transformer found
2020-11-06 15:20:41,328:INFO:Compiling Metrics
2020-11-06 15:20:41,338:INFO:Initializing Fold 10
2020-11-06 15:20:41,339:INFO:Total runtime is 0.10953884522120161 minutes
2020-11-06 15:20:41,345:INFO:Fitting Model
2020-11-06 15:20:41,597:INFO:Evaluating Metrics
2020-11-06 15:20:41,599:INFO:No inverse transformer found
2020-11-06 15:20:41,599:INFO:Compiling Metrics
2020-11-06 15:20:41,605:INFO:Calculating mean and std
2020-11-06 15:20:41,605:INFO:Creating metrics dataframe
2020-11-06 15:20:41,618:INFO:Initializing TheilSen Regressor
2020-11-06 15:20:41,631:INFO:Initializing Fold 1
2020-11-06 15:20:41,633:INFO:Total runtime is 0.11443935235341393 minutes
2020-11-06 15:20:41,650:INFO:Fitting Model
2020-11-06 15:20:44,542:INFO:Evaluating Metrics
2020-11-06 15:20:44,543:INFO:No inverse transformer found
2020-11-06 15:20:44,543:INFO:Compiling Metrics
2020-11-06 15:20:44,550:INFO:Initializing Fold 2
2020-11-06 15:20:44,550:INFO:Total runtime is 0.16306005716323857 minutes
2020-11-06 15:20:44,557:INFO:Fitting Model
2020-11-06 15:20:45,675:INFO:Evaluating Metrics
2020-11-06 15:20:45,677:INFO:No inverse transformer found
2020-11-06 15:20:45,677:INFO:Compiling Metrics
2020-11-06 15:20:45,683:INFO:Initializing Fold 3
2020-11-06 15:20:45,684:INFO:Total runtime is 0.18196276028951014 minutes
2020-11-06 15:20:45,690:INFO:Fitting Model
2020-11-06 15:20:46,806:INFO:Evaluating Metrics
2020-11-06 15:20:46,808:INFO:No inverse transformer found
2020-11-06 15:20:46,808:INFO:Compiling Metrics
2020-11-06 15:20:46,814:INFO:Initializing Fold 4
2020-11-06 15:20:46,815:INFO:Total runtime is 0.20081508954366054 minutes
2020-11-06 15:20:46,821:INFO:Fitting Model
2020-11-06 15:20:48,060:INFO:Evaluating Metrics
2020-11-06 15:20:48,062:INFO:No inverse transformer found
2020-11-06 15:20:48,062:INFO:Compiling Metrics
2020-11-06 15:20:48,068:INFO:Initializing Fold 5
2020-11-06 15:20:48,068:INFO:Total runtime is 0.22170092264811203 minutes
2020-11-06 15:20:48,074:INFO:Fitting Model
2020-11-06 15:20:49,229:INFO:Evaluating Metrics
2020-11-06 15:20:49,231:INFO:No inverse transformer found
2020-11-06 15:20:49,231:INFO:Compiling Metrics
2020-11-06 15:20:49,237:INFO:Initializing Fold 6
2020-11-06 15:20:49,238:INFO:Total runtime is 0.2411859035491944 minutes
2020-11-06 15:20:49,244:INFO:Fitting Model
2020-11-06 15:20:50,384:INFO:Evaluating Metrics
2020-11-06 15:20:50,385:INFO:No inverse transformer found
2020-11-06 15:20:50,385:INFO:Compiling Metrics
2020-11-06 15:20:50,392:INFO:Initializing Fold 7
2020-11-06 15:20:50,392:INFO:Total runtime is 0.26042084693908696 minutes
2020-11-06 15:20:50,398:INFO:Fitting Model
2020-11-06 15:20:51,515:INFO:Evaluating Metrics
2020-11-06 15:20:51,517:INFO:No inverse transformer found
2020-11-06 15:20:51,517:INFO:Compiling Metrics
2020-11-06 15:20:51,523:INFO:Initializing Fold 8
2020-11-06 15:20:51,523:INFO:Total runtime is 0.2792724251747132 minutes
2020-11-06 15:20:51,529:INFO:Fitting Model
2020-11-06 15:20:52,633:INFO:Evaluating Metrics
2020-11-06 15:20:52,634:INFO:No inverse transformer found
2020-11-06 15:20:52,634:INFO:Compiling Metrics
2020-11-06 15:20:52,641:INFO:Initializing Fold 9
2020-11-06 15:20:52,641:INFO:Total runtime is 0.29790734847386685 minutes
2020-11-06 15:20:52,647:INFO:Fitting Model
2020-11-06 15:20:53,845:INFO:Evaluating Metrics
2020-11-06 15:20:53,847:INFO:No inverse transformer found
2020-11-06 15:20:53,847:INFO:Compiling Metrics
2020-11-06 15:20:53,856:INFO:Initializing Fold 10
2020-11-06 15:20:53,857:INFO:Total runtime is 0.3181757092475892 minutes
2020-11-06 15:20:53,864:INFO:Fitting Model
2020-11-06 15:20:54,996:INFO:Evaluating Metrics
2020-11-06 15:20:54,997:INFO:No inverse transformer found
2020-11-06 15:20:54,998:INFO:Compiling Metrics
2020-11-06 15:20:55,004:INFO:Calculating mean and std
2020-11-06 15:20:55,004:INFO:Creating metrics dataframe
2020-11-06 15:20:55,020:INFO:Initializing Huber Regressor
2020-11-06 15:20:55,027:INFO:Initializing Fold 1
2020-11-06 15:20:55,029:INFO:Total runtime is 0.3377108017603557 minutes
2020-11-06 15:20:55,038:INFO:Fitting Model
2020-11-06 15:20:55,119:INFO:Evaluating Metrics
2020-11-06 15:20:55,120:INFO:No inverse transformer found
2020-11-06 15:20:55,120:INFO:Compiling Metrics
2020-11-06 15:20:55,130:INFO:Initializing Fold 2
2020-11-06 15:20:55,131:INFO:Total runtime is 0.3394108494122824 minutes
2020-11-06 15:20:55,139:INFO:Fitting Model
2020-11-06 15:20:55,212:INFO:Evaluating Metrics
2020-11-06 15:20:55,214:INFO:No inverse transformer found
2020-11-06 15:20:55,214:INFO:Compiling Metrics
2020-11-06 15:20:55,220:INFO:Initializing Fold 3
2020-11-06 15:20:55,221:INFO:Total runtime is 0.34091096719106045 minutes
2020-11-06 15:20:55,226:INFO:Fitting Model
2020-11-06 15:20:55,301:INFO:Evaluating Metrics
2020-11-06 15:20:55,302:INFO:No inverse transformer found
2020-11-06 15:20:55,302:INFO:Compiling Metrics
2020-11-06 15:20:55,309:INFO:Initializing Fold 4
2020-11-06 15:20:55,310:INFO:Total runtime is 0.3423944274584453 minutes
2020-11-06 15:20:55,319:INFO:Fitting Model
2020-11-06 15:20:55,390:INFO:Evaluating Metrics
2020-11-06 15:20:55,392:INFO:No inverse transformer found
2020-11-06 15:20:55,392:INFO:Compiling Metrics
2020-11-06 15:20:55,403:INFO:Initializing Fold 5
2020-11-06 15:20:55,404:INFO:Total runtime is 0.3439612269401551 minutes
2020-11-06 15:20:55,416:INFO:Fitting Model
2020-11-06 15:20:55,484:INFO:Evaluating Metrics
2020-11-06 15:20:55,485:INFO:No inverse transformer found
2020-11-06 15:20:55,485:INFO:Compiling Metrics
2020-11-06 15:20:55,492:INFO:Initializing Fold 6
2020-11-06 15:20:55,493:INFO:Total runtime is 0.34544467926025396 minutes
2020-11-06 15:20:55,502:INFO:Fitting Model
2020-11-06 15:20:55,555:INFO:Evaluating Metrics
2020-11-06 15:20:55,556:INFO:No inverse transformer found
2020-11-06 15:20:55,556:INFO:Compiling Metrics
2020-11-06 15:20:55,563:INFO:Initializing Fold 7
2020-11-06 15:20:55,563:INFO:Total runtime is 0.3466114242871603 minutes
2020-11-06 15:20:55,569:INFO:Fitting Model
2020-11-06 15:20:55,635:INFO:Evaluating Metrics
2020-11-06 15:20:55,638:INFO:No inverse transformer found
2020-11-06 15:20:55,638:INFO:Compiling Metrics
2020-11-06 15:20:55,646:INFO:Initializing Fold 8
2020-11-06 15:20:55,646:INFO:Total runtime is 0.347994887828827 minutes
2020-11-06 15:20:55,652:INFO:Fitting Model
2020-11-06 15:20:55,734:INFO:Evaluating Metrics
2020-11-06 15:20:55,736:INFO:No inverse transformer found
2020-11-06 15:20:55,736:INFO:Compiling Metrics
2020-11-06 15:20:55,744:INFO:Initializing Fold 9
2020-11-06 15:20:55,745:INFO:Total runtime is 0.34964505036671967 minutes
2020-11-06 15:20:55,754:INFO:Fitting Model
2020-11-06 15:20:55,838:INFO:Evaluating Metrics
2020-11-06 15:20:55,841:INFO:No inverse transformer found
2020-11-06 15:20:55,841:INFO:Compiling Metrics
2020-11-06 15:20:55,851:INFO:Initializing Fold 10
2020-11-06 15:20:55,852:INFO:Total runtime is 0.351428512732188 minutes
2020-11-06 15:20:55,860:INFO:Fitting Model
2020-11-06 15:20:55,943:INFO:Evaluating Metrics
2020-11-06 15:20:55,946:INFO:No inverse transformer found
2020-11-06 15:20:55,946:INFO:Compiling Metrics
2020-11-06 15:20:55,953:INFO:Calculating mean and std
2020-11-06 15:20:55,954:INFO:Creating metrics dataframe
2020-11-06 15:20:55,979:INFO:Initializing Support Vector Machine
2020-11-06 15:20:55,988:INFO:Initializing Fold 1
2020-11-06 15:20:55,989:INFO:Total runtime is 0.3537120540936789 minutes
2020-11-06 15:20:55,998:INFO:Fitting Model
2020-11-06 15:20:56,359:INFO:Evaluating Metrics
2020-11-06 15:20:56,383:INFO:No inverse transformer found
2020-11-06 15:20:56,383:INFO:Compiling Metrics
2020-11-06 15:20:56,389:INFO:Initializing Fold 2
2020-11-06 15:20:56,390:INFO:Total runtime is 0.3603959401448569 minutes
2020-11-06 15:20:56,397:INFO:Fitting Model
2020-11-06 15:20:56,742:INFO:Evaluating Metrics
2020-11-06 15:20:56,766:INFO:No inverse transformer found
2020-11-06 15:20:56,766:INFO:Compiling Metrics
2020-11-06 15:20:56,773:INFO:Initializing Fold 3
2020-11-06 15:20:56,773:INFO:Total runtime is 0.36677979628245044 minutes
2020-11-06 15:20:56,779:INFO:Fitting Model
2020-11-06 15:20:57,123:INFO:Evaluating Metrics
2020-11-06 15:20:57,146:INFO:No inverse transformer found
2020-11-06 15:20:57,146:INFO:Compiling Metrics
2020-11-06 15:20:57,153:INFO:Initializing Fold 4
2020-11-06 15:20:57,153:INFO:Total runtime is 0.3731136639912924 minutes
2020-11-06 15:20:57,159:INFO:Fitting Model
2020-11-06 15:20:57,502:INFO:Evaluating Metrics
2020-11-06 15:20:57,527:INFO:No inverse transformer found
2020-11-06 15:20:57,528:INFO:Compiling Metrics
2020-11-06 15:20:57,536:INFO:Initializing Fold 5
2020-11-06 15:20:57,537:INFO:Total runtime is 0.37951420148213716 minutes
2020-11-06 15:20:57,543:INFO:Fitting Model
2020-11-06 15:20:57,889:INFO:Evaluating Metrics
2020-11-06 15:20:57,913:INFO:No inverse transformer found
2020-11-06 15:20:57,913:INFO:Compiling Metrics
2020-11-06 15:20:57,919:INFO:Initializing Fold 6
2020-11-06 15:20:57,920:INFO:Total runtime is 0.38589807351430266 minutes
2020-11-06 15:20:57,925:INFO:Fitting Model
2020-11-06 15:20:58,271:INFO:Evaluating Metrics
2020-11-06 15:20:58,294:INFO:No inverse transformer found
2020-11-06 15:20:58,294:INFO:Compiling Metrics
2020-11-06 15:20:58,301:INFO:Initializing Fold 7
2020-11-06 15:20:58,301:INFO:Total runtime is 0.39224859476089485 minutes
2020-11-06 15:20:58,306:INFO:Fitting Model
2020-11-06 15:20:58,651:INFO:Evaluating Metrics
2020-11-06 15:20:58,674:INFO:No inverse transformer found
2020-11-06 15:20:58,674:INFO:Compiling Metrics
2020-11-06 15:20:58,681:INFO:Initializing Fold 8
2020-11-06 15:20:58,681:INFO:Total runtime is 0.3985824664433798 minutes
2020-11-06 15:20:58,687:INFO:Fitting Model
2020-11-06 15:20:59,031:INFO:Evaluating Metrics
2020-11-06 15:20:59,054:INFO:No inverse transformer found
2020-11-06 15:20:59,054:INFO:Compiling Metrics
2020-11-06 15:20:59,061:INFO:Initializing Fold 9
2020-11-06 15:20:59,061:INFO:Total runtime is 0.40491633017857875 minutes
2020-11-06 15:20:59,066:INFO:Fitting Model
2020-11-06 15:20:59,413:INFO:Evaluating Metrics
2020-11-06 15:20:59,436:INFO:No inverse transformer found
2020-11-06 15:20:59,436:INFO:Compiling Metrics
2020-11-06 15:20:59,442:INFO:Initializing Fold 10
2020-11-06 15:20:59,443:INFO:Total runtime is 0.4112835446993511 minutes
2020-11-06 15:20:59,448:INFO:Fitting Model
2020-11-06 15:20:59,794:INFO:Evaluating Metrics
2020-11-06 15:20:59,817:INFO:No inverse transformer found
2020-11-06 15:20:59,817:INFO:Compiling Metrics
2020-11-06 15:20:59,824:INFO:Calculating mean and std
2020-11-06 15:20:59,824:INFO:Creating metrics dataframe
2020-11-06 15:20:59,837:INFO:Initializing K Neighbors Regressor
2020-11-06 15:20:59,843:INFO:Initializing Fold 1
2020-11-06 15:20:59,844:INFO:Total runtime is 0.4179675300916037 minutes
2020-11-06 15:20:59,857:INFO:Fitting Model
2020-11-06 15:20:59,874:INFO:Evaluating Metrics
2020-11-06 15:20:59,908:INFO:No inverse transformer found
2020-11-06 15:20:59,908:INFO:Compiling Metrics
2020-11-06 15:20:59,917:INFO:Initializing Fold 2
2020-11-06 15:20:59,918:INFO:Total runtime is 0.4192008773485821 minutes
2020-11-06 15:20:59,923:INFO:Fitting Model
2020-11-06 15:20:59,938:INFO:Evaluating Metrics
2020-11-06 15:20:59,958:INFO:No inverse transformer found
2020-11-06 15:20:59,959:INFO:Compiling Metrics
2020-11-06 15:20:59,966:INFO:Initializing Fold 3
2020-11-06 15:20:59,966:INFO:Total runtime is 0.4200009346008302 minutes
2020-11-06 15:20:59,972:INFO:Fitting Model
2020-11-06 15:20:59,987:INFO:Evaluating Metrics
2020-11-06 15:21:00,005:INFO:No inverse transformer found
2020-11-06 15:21:00,006:INFO:Compiling Metrics
2020-11-06 15:21:00,014:INFO:Initializing Fold 4
2020-11-06 15:21:00,015:INFO:Total runtime is 0.4208139538764955 minutes
2020-11-06 15:21:00,025:INFO:Fitting Model
2020-11-06 15:21:00,041:INFO:Evaluating Metrics
2020-11-06 15:21:00,062:INFO:No inverse transformer found
2020-11-06 15:21:00,062:INFO:Compiling Metrics
2020-11-06 15:21:00,069:INFO:Initializing Fold 5
2020-11-06 15:21:00,069:INFO:Total runtime is 0.421714492638906 minutes
2020-11-06 15:21:00,075:INFO:Fitting Model
2020-11-06 15:21:00,092:INFO:Evaluating Metrics
2020-11-06 15:21:00,114:INFO:No inverse transformer found
2020-11-06 15:21:00,115:INFO:Compiling Metrics
2020-11-06 15:21:00,121:INFO:Initializing Fold 6
2020-11-06 15:21:00,122:INFO:Total runtime is 0.422597908973694 minutes
2020-11-06 15:21:00,128:INFO:Fitting Model
2020-11-06 15:21:00,143:INFO:Evaluating Metrics
2020-11-06 15:21:00,166:INFO:No inverse transformer found
2020-11-06 15:21:00,166:INFO:Compiling Metrics
2020-11-06 15:21:00,186:INFO:Initializing Fold 7
2020-11-06 15:21:00,189:INFO:Total runtime is 0.42371520201365165 minutes
2020-11-06 15:21:00,205:INFO:Fitting Model
2020-11-06 15:21:00,225:INFO:Evaluating Metrics
2020-11-06 15:21:00,248:INFO:No inverse transformer found
2020-11-06 15:21:00,248:INFO:Compiling Metrics
2020-11-06 15:21:00,254:INFO:Initializing Fold 8
2020-11-06 15:21:00,255:INFO:Total runtime is 0.4248157302538555 minutes
2020-11-06 15:21:00,261:INFO:Fitting Model
2020-11-06 15:21:00,279:INFO:Evaluating Metrics
2020-11-06 15:21:00,299:INFO:No inverse transformer found
2020-11-06 15:21:00,299:INFO:Compiling Metrics
2020-11-06 15:21:00,306:INFO:Initializing Fold 9
2020-11-06 15:21:00,307:INFO:Total runtime is 0.4256818930308025 minutes
2020-11-06 15:21:00,317:INFO:Fitting Model
2020-11-06 15:21:00,332:INFO:Evaluating Metrics
2020-11-06 15:21:00,354:INFO:No inverse transformer found
2020-11-06 15:21:00,354:INFO:Compiling Metrics
2020-11-06 15:21:00,361:INFO:Initializing Fold 10
2020-11-06 15:21:00,363:INFO:Total runtime is 0.4266154170036317 minutes
2020-11-06 15:21:00,371:INFO:Fitting Model
2020-11-06 15:21:00,385:INFO:Evaluating Metrics
2020-11-06 15:21:00,405:INFO:No inverse transformer found
2020-11-06 15:21:00,405:INFO:Compiling Metrics
2020-11-06 15:21:00,414:INFO:Calculating mean and std
2020-11-06 15:21:00,415:INFO:Creating metrics dataframe
2020-11-06 15:21:00,434:INFO:Initializing Decision Tree
2020-11-06 15:21:00,440:INFO:Initializing Fold 1
2020-11-06 15:21:00,440:INFO:Total runtime is 0.42789877255757663 minutes
2020-11-06 15:21:00,450:INFO:Fitting Model
2020-11-06 15:21:00,474:INFO:Evaluating Metrics
2020-11-06 15:21:00,477:INFO:No inverse transformer found
2020-11-06 15:21:00,477:INFO:Compiling Metrics
2020-11-06 15:21:00,487:INFO:Initializing Fold 2
2020-11-06 15:21:00,488:INFO:Total runtime is 0.42869885762532567 minutes
2020-11-06 15:21:00,498:INFO:Fitting Model
2020-11-06 15:21:00,518:INFO:Evaluating Metrics
2020-11-06 15:21:00,520:INFO:No inverse transformer found
2020-11-06 15:21:00,520:INFO:Compiling Metrics
2020-11-06 15:21:00,531:INFO:Initializing Fold 3
2020-11-06 15:21:00,531:INFO:Total runtime is 0.4294162074724835 minutes
2020-11-06 15:21:00,537:INFO:Fitting Model
2020-11-06 15:21:00,558:INFO:Evaluating Metrics
2020-11-06 15:21:00,561:INFO:No inverse transformer found
2020-11-06 15:21:00,561:INFO:Compiling Metrics
2020-11-06 15:21:00,569:INFO:Initializing Fold 4
2020-11-06 15:21:00,569:INFO:Total runtime is 0.4300495624542238 minutes
2020-11-06 15:21:00,575:INFO:Fitting Model
2020-11-06 15:21:00,601:INFO:Evaluating Metrics
2020-11-06 15:21:00,605:INFO:No inverse transformer found
2020-11-06 15:21:00,605:INFO:Compiling Metrics
2020-11-06 15:21:00,615:INFO:Initializing Fold 5
2020-11-06 15:21:00,615:INFO:Total runtime is 0.4308166424433392 minutes
2020-11-06 15:21:00,620:INFO:Fitting Model
2020-11-06 15:21:00,641:INFO:Evaluating Metrics
2020-11-06 15:21:00,644:INFO:No inverse transformer found
2020-11-06 15:21:00,644:INFO:Compiling Metrics
2020-11-06 15:21:00,652:INFO:Initializing Fold 6
2020-11-06 15:21:00,652:INFO:Total runtime is 0.43143300612767554 minutes
2020-11-06 15:21:00,658:INFO:Fitting Model
2020-11-06 15:21:00,681:INFO:Evaluating Metrics
2020-11-06 15:21:00,683:INFO:No inverse transformer found
2020-11-06 15:21:00,684:INFO:Compiling Metrics
2020-11-06 15:21:00,695:INFO:Initializing Fold 7
2020-11-06 15:21:00,696:INFO:Total runtime is 0.43214976787567155 minutes
2020-11-06 15:21:00,706:INFO:Fitting Model
2020-11-06 15:21:00,728:INFO:Evaluating Metrics
2020-11-06 15:21:00,732:INFO:No inverse transformer found
2020-11-06 15:21:00,732:INFO:Compiling Metrics
2020-11-06 15:21:00,738:INFO:Initializing Fold 8
2020-11-06 15:21:00,739:INFO:Total runtime is 0.43287911812464414 minutes
2020-11-06 15:21:00,746:INFO:Fitting Model
2020-11-06 15:21:00,768:INFO:Evaluating Metrics
2020-11-06 15:21:00,770:INFO:No inverse transformer found
2020-11-06 15:21:00,771:INFO:Compiling Metrics
2020-11-06 15:21:00,780:INFO:Initializing Fold 9
2020-11-06 15:21:00,781:INFO:Total runtime is 0.433579194545746 minutes
2020-11-06 15:21:00,789:INFO:Fitting Model
2020-11-06 15:21:00,810:INFO:Evaluating Metrics
2020-11-06 15:21:00,812:INFO:No inverse transformer found
2020-11-06 15:21:00,812:INFO:Compiling Metrics
2020-11-06 15:21:00,819:INFO:Initializing Fold 10
2020-11-06 15:21:00,819:INFO:Total runtime is 0.434213173389435 minutes
2020-11-06 15:21:00,824:INFO:Fitting Model
2020-11-06 15:21:00,848:INFO:Evaluating Metrics
2020-11-06 15:21:00,850:INFO:No inverse transformer found
2020-11-06 15:21:00,850:INFO:Compiling Metrics
2020-11-06 15:21:00,860:INFO:Calculating mean and std
2020-11-06 15:21:00,861:INFO:Creating metrics dataframe
2020-11-06 15:21:00,877:INFO:Initializing Random Forest
2020-11-06 15:21:00,883:INFO:Initializing Fold 1
2020-11-06 15:21:00,883:INFO:Total runtime is 0.4352793534596763 minutes
2020-11-06 15:21:00,896:INFO:Fitting Model
2020-11-06 15:21:01,258:INFO:Evaluating Metrics
2020-11-06 15:21:01,283:INFO:No inverse transformer found
2020-11-06 15:21:01,283:INFO:Compiling Metrics
2020-11-06 15:21:01,290:INFO:Initializing Fold 2
2020-11-06 15:21:01,290:INFO:Total runtime is 0.4420632680257163 minutes
2020-11-06 15:21:01,297:INFO:Fitting Model
2020-11-06 15:21:01,648:INFO:Evaluating Metrics
2020-11-06 15:21:01,668:INFO:No inverse transformer found
2020-11-06 15:21:01,668:INFO:Compiling Metrics
2020-11-06 15:21:01,675:INFO:Initializing Fold 3
2020-11-06 15:21:01,675:INFO:Total runtime is 0.44848044713338236 minutes
2020-11-06 15:21:01,683:INFO:Fitting Model
2020-11-06 15:21:02,038:INFO:Evaluating Metrics
2020-11-06 15:21:02,058:INFO:No inverse transformer found
2020-11-06 15:21:02,058:INFO:Compiling Metrics
2020-11-06 15:21:02,065:INFO:Initializing Fold 4
2020-11-06 15:21:02,066:INFO:Total runtime is 0.4549976627031964 minutes
2020-11-06 15:21:02,072:INFO:Fitting Model
2020-11-06 15:21:02,433:INFO:Evaluating Metrics
2020-11-06 15:21:02,454:INFO:No inverse transformer found
2020-11-06 15:21:02,454:INFO:Compiling Metrics
2020-11-06 15:21:02,461:INFO:Initializing Fold 5
2020-11-06 15:21:02,461:INFO:Total runtime is 0.4615815520286562 minutes
2020-11-06 15:21:02,468:INFO:Fitting Model
2020-11-06 15:21:02,823:INFO:Evaluating Metrics
2020-11-06 15:21:02,854:INFO:No inverse transformer found
2020-11-06 15:21:02,854:INFO:Compiling Metrics
2020-11-06 15:21:02,861:INFO:Initializing Fold 6
2020-11-06 15:21:02,861:INFO:Total runtime is 0.46824876070022603 minutes
2020-11-06 15:21:02,868:INFO:Fitting Model
2020-11-06 15:21:03,213:INFO:Evaluating Metrics
2020-11-06 15:21:03,234:INFO:No inverse transformer found
2020-11-06 15:21:03,234:INFO:Compiling Metrics
2020-11-06 15:21:03,241:INFO:Initializing Fold 7
2020-11-06 15:21:03,242:INFO:Total runtime is 0.4745993137359621 minutes
2020-11-06 15:21:03,248:INFO:Fitting Model
2020-11-06 15:21:03,601:INFO:Evaluating Metrics
2020-11-06 15:21:03,622:INFO:No inverse transformer found
2020-11-06 15:21:03,622:INFO:Compiling Metrics
2020-11-06 15:21:03,628:INFO:Initializing Fold 8
2020-11-06 15:21:03,629:INFO:Total runtime is 0.4810498515764874 minutes
2020-11-06 15:21:03,636:INFO:Fitting Model
2020-11-06 15:21:03,991:INFO:Evaluating Metrics
2020-11-06 15:21:04,012:INFO:No inverse transformer found
2020-11-06 15:21:04,012:INFO:Compiling Metrics
2020-11-06 15:21:04,019:INFO:Initializing Fold 9
2020-11-06 15:21:04,020:INFO:Total runtime is 0.48756705919901544 minutes
2020-11-06 15:21:04,027:INFO:Fitting Model
2020-11-06 15:21:04,382:INFO:Evaluating Metrics
2020-11-06 15:21:04,402:INFO:No inverse transformer found
2020-11-06 15:21:04,402:INFO:Compiling Metrics
2020-11-06 15:21:04,410:INFO:Initializing Fold 10
2020-11-06 15:21:04,411:INFO:Total runtime is 0.4940843303998313 minutes
2020-11-06 15:21:04,421:INFO:Fitting Model
2020-11-06 15:21:04,774:INFO:Evaluating Metrics
2020-11-06 15:21:04,794:INFO:No inverse transformer found
2020-11-06 15:21:04,795:INFO:Compiling Metrics
2020-11-06 15:21:04,801:INFO:Calculating mean and std
2020-11-06 15:21:04,802:INFO:Creating metrics dataframe
2020-11-06 15:21:04,836:INFO:Initializing Extra Trees Regressor
2020-11-06 15:21:04,843:INFO:Initializing Fold 1
2020-11-06 15:21:04,844:INFO:Total runtime is 0.5013015588124594 minutes
2020-11-06 15:21:04,850:INFO:Fitting Model
2020-11-06 15:21:05,135:INFO:Evaluating Metrics
2020-11-06 15:21:05,155:INFO:No inverse transformer found
2020-11-06 15:21:05,156:INFO:Compiling Metrics
2020-11-06 15:21:05,163:INFO:Initializing Fold 2
2020-11-06 15:21:05,163:INFO:Total runtime is 0.5066186706225079 minutes
2020-11-06 15:21:05,170:INFO:Fitting Model
2020-11-06 15:21:05,441:INFO:Evaluating Metrics
2020-11-06 15:21:05,462:INFO:No inverse transformer found
2020-11-06 15:21:05,463:INFO:Compiling Metrics
2020-11-06 15:21:05,472:INFO:Initializing Fold 3
2020-11-06 15:21:05,473:INFO:Total runtime is 0.5117690920829774 minutes
2020-11-06 15:21:05,484:INFO:Fitting Model
2020-11-06 15:21:05,755:INFO:Evaluating Metrics
2020-11-06 15:21:05,776:INFO:No inverse transformer found
2020-11-06 15:21:05,776:INFO:Compiling Metrics
2020-11-06 15:21:05,783:INFO:Initializing Fold 4
2020-11-06 15:21:05,784:INFO:Total runtime is 0.5169530232747397 minutes
2020-11-06 15:21:05,790:INFO:Fitting Model
2020-11-06 15:21:06,068:INFO:Evaluating Metrics
2020-11-06 15:21:06,089:INFO:No inverse transformer found
2020-11-06 15:21:06,089:INFO:Compiling Metrics
2020-11-06 15:21:06,095:INFO:Initializing Fold 5
2020-11-06 15:21:06,096:INFO:Total runtime is 0.5221533139546713 minutes
2020-11-06 15:21:06,103:INFO:Fitting Model
2020-11-06 15:21:06,369:INFO:Evaluating Metrics
2020-11-06 15:21:06,389:INFO:No inverse transformer found
2020-11-06 15:21:06,389:INFO:Compiling Metrics
2020-11-06 15:21:06,396:INFO:Initializing Fold 6
2020-11-06 15:21:06,397:INFO:Total runtime is 0.5271703998247783 minutes
2020-11-06 15:21:06,404:INFO:Fitting Model
2020-11-06 15:21:06,678:INFO:Evaluating Metrics
2020-11-06 15:21:06,698:INFO:No inverse transformer found
2020-11-06 15:21:06,698:INFO:Compiling Metrics
2020-11-06 15:21:06,705:INFO:Initializing Fold 7
2020-11-06 15:21:06,705:INFO:Total runtime is 0.5323041598002116 minutes
2020-11-06 15:21:06,713:INFO:Fitting Model
2020-11-06 15:21:06,988:INFO:Evaluating Metrics
2020-11-06 15:21:07,009:INFO:No inverse transformer found
2020-11-06 15:21:07,009:INFO:Compiling Metrics
2020-11-06 15:21:07,016:INFO:Initializing Fold 8
2020-11-06 15:21:07,016:INFO:Total runtime is 0.5374879240989685 minutes
2020-11-06 15:21:07,024:INFO:Fitting Model
2020-11-06 15:21:07,299:INFO:Evaluating Metrics
2020-11-06 15:21:07,319:INFO:No inverse transformer found
2020-11-06 15:21:07,319:INFO:Compiling Metrics
2020-11-06 15:21:07,325:INFO:Initializing Fold 9
2020-11-06 15:21:07,326:INFO:Total runtime is 0.5426550428072612 minutes
2020-11-06 15:21:07,332:INFO:Fitting Model
2020-11-06 15:21:07,603:INFO:Evaluating Metrics
2020-11-06 15:21:07,627:INFO:No inverse transformer found
2020-11-06 15:21:07,627:INFO:Compiling Metrics
2020-11-06 15:21:07,634:INFO:Initializing Fold 10
2020-11-06 15:21:07,634:INFO:Total runtime is 0.5477887868881226 minutes
2020-11-06 15:21:07,641:INFO:Fitting Model
2020-11-06 15:21:07,903:INFO:Evaluating Metrics
2020-11-06 15:21:07,923:INFO:No inverse transformer found
2020-11-06 15:21:07,923:INFO:Compiling Metrics
2020-11-06 15:21:07,930:INFO:Calculating mean and std
2020-11-06 15:21:07,930:INFO:Creating metrics dataframe
2020-11-06 15:21:07,949:INFO:Initializing AdaBoost Regressor
2020-11-06 15:21:07,955:INFO:Initializing Fold 1
2020-11-06 15:21:07,956:INFO:Total runtime is 0.5531559109687806 minutes
2020-11-06 15:21:07,964:INFO:Fitting Model
2020-11-06 15:21:08,249:INFO:Evaluating Metrics
2020-11-06 15:21:08,259:INFO:No inverse transformer found
2020-11-06 15:21:08,259:INFO:Compiling Metrics
2020-11-06 15:21:08,272:INFO:Initializing Fold 2
2020-11-06 15:21:08,272:INFO:Total runtime is 0.5584257006645204 minutes
2020-11-06 15:21:08,282:INFO:Fitting Model
2020-11-06 15:21:08,607:INFO:Evaluating Metrics
2020-11-06 15:21:08,617:INFO:No inverse transformer found
2020-11-06 15:21:08,617:INFO:Compiling Metrics
2020-11-06 15:21:08,627:INFO:Initializing Fold 3
2020-11-06 15:21:08,631:INFO:Total runtime is 0.5643954157829285 minutes
2020-11-06 15:21:08,644:INFO:Fitting Model
2020-11-06 15:21:08,836:INFO:Evaluating Metrics
2020-11-06 15:21:08,841:INFO:No inverse transformer found
2020-11-06 15:21:08,841:INFO:Compiling Metrics
2020-11-06 15:21:08,848:INFO:Initializing Fold 4
2020-11-06 15:21:08,848:INFO:Total runtime is 0.5680289506912232 minutes
2020-11-06 15:21:08,854:INFO:Fitting Model
2020-11-06 15:21:09,060:INFO:Evaluating Metrics
2020-11-06 15:21:09,066:INFO:No inverse transformer found
2020-11-06 15:21:09,066:INFO:Compiling Metrics
2020-11-06 15:21:09,072:INFO:Initializing Fold 5
2020-11-06 15:21:09,073:INFO:Total runtime is 0.5717792590459188 minutes
2020-11-06 15:21:09,078:INFO:Fitting Model
2020-11-06 15:21:09,284:INFO:Evaluating Metrics
2020-11-06 15:21:09,290:INFO:No inverse transformer found
2020-11-06 15:21:09,290:INFO:Compiling Metrics
2020-11-06 15:21:09,296:INFO:Initializing Fold 6
2020-11-06 15:21:09,297:INFO:Total runtime is 0.5755128860473633 minutes
2020-11-06 15:21:09,304:INFO:Fitting Model
2020-11-06 15:21:09,570:INFO:Evaluating Metrics
2020-11-06 15:21:09,577:INFO:No inverse transformer found
2020-11-06 15:21:09,577:INFO:Compiling Metrics
2020-11-06 15:21:09,589:INFO:Initializing Fold 7
2020-11-06 15:21:09,590:INFO:Total runtime is 0.5803990642229716 minutes
2020-11-06 15:21:09,603:INFO:Fitting Model
2020-11-06 15:21:09,869:INFO:Evaluating Metrics
2020-11-06 15:21:09,875:INFO:No inverse transformer found
2020-11-06 15:21:09,875:INFO:Compiling Metrics
2020-11-06 15:21:09,882:INFO:Initializing Fold 8
2020-11-06 15:21:09,882:INFO:Total runtime is 0.5852673768997192 minutes
2020-11-06 15:21:09,889:INFO:Fitting Model
2020-11-06 15:21:10,094:INFO:Evaluating Metrics
2020-11-06 15:21:10,100:INFO:No inverse transformer found
2020-11-06 15:21:10,100:INFO:Compiling Metrics
2020-11-06 15:21:10,107:INFO:Initializing Fold 9
2020-11-06 15:21:10,107:INFO:Total runtime is 0.5890176812807718 minutes
2020-11-06 15:21:10,114:INFO:Fitting Model
2020-11-06 15:21:10,325:INFO:Evaluating Metrics
2020-11-06 15:21:10,331:INFO:No inverse transformer found
2020-11-06 15:21:10,331:INFO:Compiling Metrics
2020-11-06 15:21:10,337:INFO:Initializing Fold 10
2020-11-06 15:21:10,338:INFO:Total runtime is 0.5928685426712035 minutes
2020-11-06 15:21:10,343:INFO:Fitting Model
2020-11-06 15:21:10,548:INFO:Evaluating Metrics
2020-11-06 15:21:10,555:INFO:No inverse transformer found
2020-11-06 15:21:10,555:INFO:Compiling Metrics
2020-11-06 15:21:10,561:INFO:Calculating mean and std
2020-11-06 15:21:10,561:INFO:Creating metrics dataframe
2020-11-06 15:21:10,575:INFO:Initializing Gradient Boosting Regressor
2020-11-06 15:21:10,583:INFO:Initializing Fold 1
2020-11-06 15:21:10,584:INFO:Total runtime is 0.5969684402147928 minutes
2020-11-06 15:21:10,601:INFO:Fitting Model
2020-11-06 15:21:10,981:INFO:Evaluating Metrics
2020-11-06 15:21:10,983:INFO:No inverse transformer found
2020-11-06 15:21:10,983:INFO:Compiling Metrics
2020-11-06 15:21:10,990:INFO:Initializing Fold 2
2020-11-06 15:21:10,990:INFO:Total runtime is 0.6037189086278278 minutes
2020-11-06 15:21:10,996:INFO:Fitting Model
2020-11-06 15:21:11,350:INFO:Evaluating Metrics
2020-11-06 15:21:11,352:INFO:No inverse transformer found
2020-11-06 15:21:11,352:INFO:Compiling Metrics
2020-11-06 15:21:11,359:INFO:Initializing Fold 3
2020-11-06 15:21:11,359:INFO:Total runtime is 0.6098694284756977 minutes
2020-11-06 15:21:11,368:INFO:Fitting Model
2020-11-06 15:21:11,750:INFO:Evaluating Metrics
2020-11-06 15:21:11,752:INFO:No inverse transformer found
2020-11-06 15:21:11,752:INFO:Compiling Metrics
2020-11-06 15:21:11,758:INFO:Initializing Fold 4
2020-11-06 15:21:11,759:INFO:Total runtime is 0.6165366331736245 minutes
2020-11-06 15:21:11,765:INFO:Fitting Model
2020-11-06 15:21:12,103:INFO:Evaluating Metrics
2020-11-06 15:21:12,106:INFO:No inverse transformer found
2020-11-06 15:21:12,106:INFO:Compiling Metrics
2020-11-06 15:21:12,113:INFO:Initializing Fold 5
2020-11-06 15:21:12,114:INFO:Total runtime is 0.6224539160728453 minutes
2020-11-06 15:21:12,121:INFO:Fitting Model
2020-11-06 15:21:12,455:INFO:Evaluating Metrics
2020-11-06 15:21:12,457:INFO:No inverse transformer found
2020-11-06 15:21:12,457:INFO:Compiling Metrics
2020-11-06 15:21:12,463:INFO:Initializing Fold 6
2020-11-06 15:21:12,464:INFO:Total runtime is 0.6282882253328957 minutes
2020-11-06 15:21:12,469:INFO:Fitting Model
2020-11-06 15:21:12,781:INFO:Evaluating Metrics
2020-11-06 15:21:12,783:INFO:No inverse transformer found
2020-11-06 15:21:12,783:INFO:Compiling Metrics
2020-11-06 15:21:12,789:INFO:Initializing Fold 7
2020-11-06 15:21:12,789:INFO:Total runtime is 0.6337047696113585 minutes
2020-11-06 15:21:12,795:INFO:Fitting Model
2020-11-06 15:21:13,105:INFO:Evaluating Metrics
2020-11-06 15:21:13,107:INFO:No inverse transformer found
2020-11-06 15:21:13,108:INFO:Compiling Metrics
2020-11-06 15:21:13,114:INFO:Initializing Fold 8
2020-11-06 15:21:13,114:INFO:Total runtime is 0.6391219178835549 minutes
2020-11-06 15:21:13,120:INFO:Fitting Model
2020-11-06 15:21:13,430:INFO:Evaluating Metrics
2020-11-06 15:21:13,433:INFO:No inverse transformer found
2020-11-06 15:21:13,433:INFO:Compiling Metrics
2020-11-06 15:21:13,439:INFO:Initializing Fold 9
2020-11-06 15:21:13,439:INFO:Total runtime is 0.6445390462875364 minutes
2020-11-06 15:21:13,445:INFO:Fitting Model
2020-11-06 15:21:13,755:INFO:Evaluating Metrics
2020-11-06 15:21:13,757:INFO:No inverse transformer found
2020-11-06 15:21:13,758:INFO:Compiling Metrics
2020-11-06 15:21:13,764:INFO:Initializing Fold 10
2020-11-06 15:21:13,764:INFO:Total runtime is 0.649956707159678 minutes
2020-11-06 15:21:13,769:INFO:Fitting Model
2020-11-06 15:21:14,079:INFO:Evaluating Metrics
2020-11-06 15:21:14,081:INFO:No inverse transformer found
2020-11-06 15:21:14,081:INFO:Compiling Metrics
2020-11-06 15:21:14,087:INFO:Calculating mean and std
2020-11-06 15:21:14,087:INFO:Creating metrics dataframe
2020-11-06 15:21:14,102:INFO:Initializing Extreme Gradient Boosting
2020-11-06 15:21:14,108:INFO:Initializing Fold 1
2020-11-06 15:21:14,108:INFO:Total runtime is 0.6556900620460508 minutes
2020-11-06 15:21:14,115:INFO:Fitting Model
2020-11-06 15:21:14,257:INFO:Evaluating Metrics
2020-11-06 15:21:14,260:INFO:No inverse transformer found
2020-11-06 15:21:14,260:INFO:Compiling Metrics
2020-11-06 15:21:14,274:INFO:Initializing Fold 2
2020-11-06 15:21:14,276:INFO:Total runtime is 0.658490220705668 minutes
2020-11-06 15:21:14,287:INFO:Fitting Model
2020-11-06 15:21:14,441:INFO:Evaluating Metrics
2020-11-06 15:21:14,446:INFO:No inverse transformer found
2020-11-06 15:21:14,446:INFO:Compiling Metrics
2020-11-06 15:21:14,469:INFO:Initializing Fold 3
2020-11-06 15:21:14,471:INFO:Total runtime is 0.6617405136426289 minutes
2020-11-06 15:21:14,485:INFO:Fitting Model
2020-11-06 15:21:14,635:INFO:Evaluating Metrics
2020-11-06 15:21:14,639:INFO:No inverse transformer found
2020-11-06 15:21:14,639:INFO:Compiling Metrics
2020-11-06 15:21:14,655:INFO:Initializing Fold 4
2020-11-06 15:21:14,658:INFO:Total runtime is 0.6648577690124511 minutes
2020-11-06 15:21:14,691:INFO:Fitting Model
2020-11-06 15:21:14,913:INFO:Evaluating Metrics
2020-11-06 15:21:14,917:INFO:No inverse transformer found
2020-11-06 15:21:14,917:INFO:Compiling Metrics
2020-11-06 15:21:14,930:INFO:Initializing Fold 5
2020-11-06 15:21:14,931:INFO:Total runtime is 0.6694166700045266 minutes
2020-11-06 15:21:14,954:INFO:Fitting Model
2020-11-06 15:21:15,109:INFO:Evaluating Metrics
2020-11-06 15:21:15,113:INFO:No inverse transformer found
2020-11-06 15:21:15,113:INFO:Compiling Metrics
2020-11-06 15:21:15,132:INFO:Initializing Fold 6
2020-11-06 15:21:15,134:INFO:Total runtime is 0.6728003780047097 minutes
2020-11-06 15:21:15,146:INFO:Fitting Model
2020-11-06 15:21:15,357:INFO:Evaluating Metrics
2020-11-06 15:21:15,361:INFO:No inverse transformer found
2020-11-06 15:21:15,362:INFO:Compiling Metrics
2020-11-06 15:21:15,383:INFO:Initializing Fold 7
2020-11-06 15:21:15,385:INFO:Total runtime is 0.6769840637842812 minutes
2020-11-06 15:21:15,404:INFO:Fitting Model
2020-11-06 15:21:15,604:INFO:Evaluating Metrics
2020-11-06 15:21:15,610:INFO:No inverse transformer found
2020-11-06 15:21:15,611:INFO:Compiling Metrics
2020-11-06 15:21:15,631:INFO:Initializing Fold 8
2020-11-06 15:21:15,635:INFO:Total runtime is 0.6811511039733885 minutes
2020-11-06 15:21:15,653:INFO:Fitting Model
2020-11-06 15:21:15,849:INFO:Evaluating Metrics
2020-11-06 15:21:15,854:INFO:No inverse transformer found
2020-11-06 15:21:15,854:INFO:Compiling Metrics
2020-11-06 15:21:15,868:INFO:Initializing Fold 9
2020-11-06 15:21:15,869:INFO:Total runtime is 0.6850513815879821 minutes
2020-11-06 15:21:15,884:INFO:Fitting Model
2020-11-06 15:21:16,021:INFO:Evaluating Metrics
2020-11-06 15:21:16,025:INFO:No inverse transformer found
2020-11-06 15:21:16,025:INFO:Compiling Metrics
2020-11-06 15:21:16,039:INFO:Initializing Fold 10
2020-11-06 15:21:16,040:INFO:Total runtime is 0.6879015882809956 minutes
2020-11-06 15:21:16,051:INFO:Fitting Model
2020-11-06 15:21:16,181:INFO:Evaluating Metrics
2020-11-06 15:21:16,185:INFO:No inverse transformer found
2020-11-06 15:21:16,185:INFO:Compiling Metrics
2020-11-06 15:21:16,199:INFO:Calculating mean and std
2020-11-06 15:21:16,200:INFO:Creating metrics dataframe
2020-11-06 15:21:16,234:INFO:Initializing Light Gradient Boosting Machine
2020-11-06 15:21:16,245:INFO:Initializing Fold 1
2020-11-06 15:21:16,246:INFO:Total runtime is 0.6913352012634276 minutes
2020-11-06 15:21:16,257:INFO:Fitting Model
2020-11-06 15:21:16,371:INFO:Evaluating Metrics
2020-11-06 15:21:16,377:INFO:No inverse transformer found
2020-11-06 15:21:16,377:INFO:Compiling Metrics
2020-11-06 15:21:16,391:INFO:Initializing Fold 2
2020-11-06 15:21:16,392:INFO:Total runtime is 0.6937687476476032 minutes
2020-11-06 15:21:16,407:INFO:Fitting Model
2020-11-06 15:21:16,508:INFO:Evaluating Metrics
2020-11-06 15:21:16,513:INFO:No inverse transformer found
2020-11-06 15:21:16,513:INFO:Compiling Metrics
2020-11-06 15:21:16,527:INFO:Initializing Fold 3
2020-11-06 15:21:16,528:INFO:Total runtime is 0.6960189143816629 minutes
2020-11-06 15:21:16,540:INFO:Fitting Model
2020-11-06 15:21:16,632:INFO:Evaluating Metrics
2020-11-06 15:21:16,637:INFO:No inverse transformer found
2020-11-06 15:21:16,637:INFO:Compiling Metrics
2020-11-06 15:21:16,651:INFO:Initializing Fold 4
2020-11-06 15:21:16,652:INFO:Total runtime is 0.6980857849121093 minutes
2020-11-06 15:21:16,663:INFO:Fitting Model
2020-11-06 15:21:16,756:INFO:Evaluating Metrics
2020-11-06 15:21:16,760:INFO:No inverse transformer found
2020-11-06 15:21:16,760:INFO:Compiling Metrics
2020-11-06 15:21:16,774:INFO:Initializing Fold 5
2020-11-06 15:21:16,775:INFO:Total runtime is 0.7001359224319457 minutes
2020-11-06 15:21:16,787:INFO:Fitting Model
2020-11-06 15:21:16,877:INFO:Evaluating Metrics
2020-11-06 15:21:16,882:INFO:No inverse transformer found
2020-11-06 15:21:16,882:INFO:Compiling Metrics
2020-11-06 15:21:16,896:INFO:Initializing Fold 6
2020-11-06 15:21:16,897:INFO:Total runtime is 0.7021694898605345 minutes
2020-11-06 15:21:16,908:INFO:Fitting Model
2020-11-06 15:21:17,008:INFO:Evaluating Metrics
2020-11-06 15:21:17,012:INFO:No inverse transformer found
2020-11-06 15:21:17,012:INFO:Compiling Metrics
2020-11-06 15:21:17,026:INFO:Initializing Fold 7
2020-11-06 15:21:17,028:INFO:Total runtime is 0.7043362895647683 minutes
2020-11-06 15:21:17,038:INFO:Fitting Model
2020-11-06 15:21:17,125:INFO:Evaluating Metrics
2020-11-06 15:21:17,130:INFO:No inverse transformer found
2020-11-06 15:21:17,130:INFO:Compiling Metrics
2020-11-06 15:21:17,144:INFO:Initializing Fold 8
2020-11-06 15:21:17,145:INFO:Total runtime is 0.7063031276067097 minutes
2020-11-06 15:21:17,156:INFO:Fitting Model
2020-11-06 15:21:17,244:INFO:Evaluating Metrics
2020-11-06 15:21:17,249:INFO:No inverse transformer found
2020-11-06 15:21:17,249:INFO:Compiling Metrics
2020-11-06 15:21:17,263:INFO:Initializing Fold 9
2020-11-06 15:21:17,264:INFO:Total runtime is 0.7082866430282592 minutes
2020-11-06 15:21:17,275:INFO:Fitting Model
2020-11-06 15:21:17,362:INFO:Evaluating Metrics
2020-11-06 15:21:17,366:INFO:No inverse transformer found
2020-11-06 15:21:17,367:INFO:Compiling Metrics
2020-11-06 15:21:17,380:INFO:Initializing Fold 10
2020-11-06 15:21:17,382:INFO:Total runtime is 0.7102534691492716 minutes
2020-11-06 15:21:17,393:INFO:Fitting Model
2020-11-06 15:21:17,499:INFO:Evaluating Metrics
2020-11-06 15:21:17,503:INFO:No inverse transformer found
2020-11-06 15:21:17,504:INFO:Compiling Metrics
2020-11-06 15:21:17,517:INFO:Calculating mean and std
2020-11-06 15:21:17,518:INFO:Creating metrics dataframe
2020-11-06 15:21:17,553:INFO:Initializing CatBoost Regressor
2020-11-06 15:21:17,563:INFO:Initializing Fold 1
2020-11-06 15:21:17,564:INFO:Total runtime is 0.7132870395978291 minutes
2020-11-06 15:21:17,576:INFO:Fitting Model
2020-11-06 15:21:19,779:INFO:Evaluating Metrics
2020-11-06 15:21:19,785:INFO:No inverse transformer found
2020-11-06 15:21:19,785:INFO:Compiling Metrics
2020-11-06 15:21:19,792:INFO:Initializing Fold 2
2020-11-06 15:21:19,793:INFO:Total runtime is 0.750439711411794 minutes
2020-11-06 15:21:19,798:INFO:Fitting Model
2020-11-06 15:21:21,690:INFO:Evaluating Metrics
2020-11-06 15:21:21,696:INFO:No inverse transformer found
2020-11-06 15:21:21,696:INFO:Compiling Metrics
2020-11-06 15:21:21,708:INFO:Initializing Fold 3
2020-11-06 15:21:21,709:INFO:Total runtime is 0.7823757211367289 minutes
2020-11-06 15:21:21,718:INFO:Fitting Model
2020-11-06 15:21:23,622:INFO:Evaluating Metrics
2020-11-06 15:21:23,627:INFO:No inverse transformer found
2020-11-06 15:21:23,627:INFO:Compiling Metrics
2020-11-06 15:21:23,638:INFO:Initializing Fold 4
2020-11-06 15:21:23,639:INFO:Total runtime is 0.8145451386769613 minutes
2020-11-06 15:21:23,648:INFO:Fitting Model
2020-11-06 15:21:25,576:INFO:Evaluating Metrics
2020-11-06 15:21:25,580:INFO:No inverse transformer found
2020-11-06 15:21:25,580:INFO:Compiling Metrics
2020-11-06 15:21:25,588:INFO:Initializing Fold 5
2020-11-06 15:21:25,589:INFO:Total runtime is 0.8470479051272075 minutes
2020-11-06 15:21:25,595:INFO:Fitting Model
2020-11-06 15:21:27,473:INFO:Evaluating Metrics
2020-11-06 15:21:27,476:INFO:No inverse transformer found
2020-11-06 15:21:27,476:INFO:Compiling Metrics
2020-11-06 15:21:27,483:INFO:Initializing Fold 6
2020-11-06 15:21:27,483:INFO:Total runtime is 0.8786171515782675 minutes
2020-11-06 15:21:27,489:INFO:Fitting Model
2020-11-06 15:21:29,396:INFO:Evaluating Metrics
2020-11-06 15:21:29,401:INFO:No inverse transformer found
2020-11-06 15:21:29,401:INFO:Compiling Metrics
2020-11-06 15:21:29,409:INFO:Initializing Fold 7
2020-11-06 15:21:29,410:INFO:Total runtime is 0.9107199231783549 minutes
2020-11-06 15:21:29,417:INFO:Fitting Model
2020-11-06 15:21:31,366:INFO:Evaluating Metrics
2020-11-06 15:21:31,370:INFO:No inverse transformer found
2020-11-06 15:21:31,370:INFO:Compiling Metrics
2020-11-06 15:21:31,378:INFO:Initializing Fold 8
2020-11-06 15:21:31,378:INFO:Total runtime is 0.9435226321220398 minutes
2020-11-06 15:21:31,385:INFO:Fitting Model
2020-11-06 15:21:33,451:INFO:Evaluating Metrics
2020-11-06 15:21:33,456:INFO:No inverse transformer found
2020-11-06 15:21:33,456:INFO:Compiling Metrics
2020-11-06 15:21:33,467:INFO:Initializing Fold 9
2020-11-06 15:21:33,467:INFO:Total runtime is 0.9783422350883484 minutes
2020-11-06 15:21:33,477:INFO:Fitting Model
2020-11-06 15:21:35,741:INFO:Evaluating Metrics
2020-11-06 15:21:35,747:INFO:No inverse transformer found
2020-11-06 15:21:35,747:INFO:Compiling Metrics
2020-11-06 15:21:35,759:INFO:Initializing Fold 10
2020-11-06 15:21:35,760:INFO:Total runtime is 1.0165621320406595 minutes
2020-11-06 15:21:35,769:INFO:Fitting Model
2020-11-06 15:21:37,880:INFO:Evaluating Metrics
2020-11-06 15:21:37,884:INFO:No inverse transformer found
2020-11-06 15:21:37,884:INFO:Compiling Metrics
2020-11-06 15:21:37,892:INFO:Calculating mean and std
2020-11-06 15:21:37,892:INFO:Creating metrics dataframe
2020-11-06 15:21:37,913:INFO:Finalizing top_n models
2020-11-06 15:21:37,913:INFO:SubProcess create_model() called ==================================
2020-11-06 15:21:37,919:INFO:Initializing create_model()
2020-11-06 15:21:37,919:INFO:create_model(estimator=et, ensemble=False, method=None, fold=10, round=4, cross_validation=True, verbose=False, system=False)
2020-11-06 15:21:37,919:INFO:Checking exceptions
2020-11-06 15:21:37,919:INFO:Preloading libraries
2020-11-06 15:21:37,919:INFO:Preparing display monitor
2020-11-06 15:21:37,927:INFO:Copying training dataset
2020-11-06 15:21:37,927:INFO:Importing libraries
2020-11-06 15:21:37,928:INFO:Defining folds
2020-11-06 15:21:37,928:INFO:Declaring metric variables
2020-11-06 15:21:37,928:INFO:Extra Trees Regressor Imported succesfully
2020-11-06 15:21:37,929:INFO:Checking ensemble method
2020-11-06 15:21:37,930:INFO:Initializing Fold 1
2020-11-06 15:21:37,931:INFO:Fitting Model
2020-11-06 15:21:38,194:INFO:Evaluating Metrics
2020-11-06 15:21:38,217:INFO:No inverse transformation
2020-11-06 15:21:38,218:INFO:Compiling Metrics
2020-11-06 15:21:38,224:INFO:Initializing Fold 2
2020-11-06 15:21:38,226:INFO:Fitting Model
2020-11-06 15:21:38,494:INFO:Evaluating Metrics
2020-11-06 15:21:38,517:INFO:No inverse transformation
2020-11-06 15:21:38,517:INFO:Compiling Metrics
2020-11-06 15:21:38,524:INFO:Initializing Fold 3
2020-11-06 15:21:38,526:INFO:Fitting Model
2020-11-06 15:21:38,803:INFO:Evaluating Metrics
2020-11-06 15:21:38,826:INFO:No inverse transformation
2020-11-06 15:21:38,826:INFO:Compiling Metrics
2020-11-06 15:21:38,833:INFO:Initializing Fold 4
2020-11-06 15:21:38,835:INFO:Fitting Model
2020-11-06 15:21:39,121:INFO:Evaluating Metrics
2020-11-06 15:21:39,145:INFO:No inverse transformation
2020-11-06 15:21:39,146:INFO:Compiling Metrics
2020-11-06 15:21:39,153:INFO:Initializing Fold 5
2020-11-06 15:21:39,155:INFO:Fitting Model
2020-11-06 15:21:39,445:INFO:Evaluating Metrics
2020-11-06 15:21:39,469:INFO:No inverse transformation
2020-11-06 15:21:39,469:INFO:Compiling Metrics
2020-11-06 15:21:39,476:INFO:Initializing Fold 6
2020-11-06 15:21:39,478:INFO:Fitting Model
2020-11-06 15:21:39,765:INFO:Evaluating Metrics
2020-11-06 15:21:39,789:INFO:No inverse transformation
2020-11-06 15:21:39,789:INFO:Compiling Metrics
2020-11-06 15:21:39,795:INFO:Initializing Fold 7
2020-11-06 15:21:39,797:INFO:Fitting Model
2020-11-06 15:21:40,077:INFO:Evaluating Metrics
2020-11-06 15:21:40,101:INFO:No inverse transformation
2020-11-06 15:21:40,101:INFO:Compiling Metrics
2020-11-06 15:21:40,108:INFO:Initializing Fold 8
2020-11-06 15:21:40,109:INFO:Fitting Model
2020-11-06 15:21:40,576:INFO:Evaluating Metrics
2020-11-06 15:21:40,602:INFO:No inverse transformation
2020-11-06 15:21:40,602:INFO:Compiling Metrics
2020-11-06 15:21:40,608:INFO:Initializing Fold 9
2020-11-06 15:21:40,610:INFO:Fitting Model
2020-11-06 15:21:40,962:INFO:Evaluating Metrics
2020-11-06 15:21:40,987:INFO:No inverse transformation
2020-11-06 15:21:40,987:INFO:Compiling Metrics
2020-11-06 15:21:40,994:INFO:Initializing Fold 10
2020-11-06 15:21:40,995:INFO:Fitting Model
2020-11-06 15:21:41,314:INFO:Evaluating Metrics
2020-11-06 15:21:41,344:INFO:No inverse transformation
2020-11-06 15:21:41,344:INFO:Compiling Metrics
2020-11-06 15:21:41,353:INFO:Calculating mean and std
2020-11-06 15:21:41,354:INFO:Creating metrics dataframe
2020-11-06 15:21:41,358:INFO:Finalizing model
2020-11-06 15:21:41,659:INFO:Uploading results into container
2020-11-06 15:21:41,659:INFO:Uploading model into container
2020-11-06 15:21:41,659:INFO:create_model_container: 1
2020-11-06 15:21:41,659:INFO:master_model_container: 1
2020-11-06 15:21:41,659:INFO:display_container: 1
2020-11-06 15:21:41,660:INFO:ExtraTreesRegressor(bootstrap=False, ccp_alpha=0.0, criterion='mse',
                    max_depth=None, max_features='auto', max_leaf_nodes=None,
                    max_samples=None, min_impurity_decrease=0.0,
                    min_impurity_split=None, min_samples_leaf=1,
                    min_samples_split=2, min_weight_fraction_leaf=0.0,
                    n_estimators=100, n_jobs=-1, oob_score=False,
                    random_state=123, verbose=0, warm_start=False)
2020-11-06 15:21:41,660:INFO:create_model() succesfully completed......................................
2020-11-06 15:21:41,660:INFO:SubProcess create_model() end ==================================
2020-11-06 15:21:41,752:INFO:create_model_container: 1
2020-11-06 15:21:41,753:INFO:master_model_container: 1
2020-11-06 15:21:41,753:INFO:display_container: 2
2020-11-06 15:21:41,753:INFO:ExtraTreesRegressor(bootstrap=False, ccp_alpha=0.0, criterion='mse',
                    max_depth=None, max_features='auto', max_leaf_nodes=None,
                    max_samples=None, min_impurity_decrease=0.0,
                    min_impurity_split=None, min_samples_leaf=1,
                    min_samples_split=2, min_weight_fraction_leaf=0.0,
                    n_estimators=100, n_jobs=-1, oob_score=False,
                    random_state=123, verbose=0, warm_start=False)
2020-11-06 15:21:41,753:INFO:compare_models() succesfully completed......................................
2020-11-06 15:30:28,280:INFO:Initializing create_model()
2020-11-06 15:30:28,281:INFO:create_model(estimator=et, ensemble=False, method=None, fold=10, round=4, cross_validation=True, verbose=True, system=True)
2020-11-06 15:30:28,281:INFO:Checking exceptions
2020-11-06 15:30:28,281:INFO:Preloading libraries
2020-11-06 15:30:28,281:INFO:Preparing display monitor
2020-11-06 15:30:28,305:INFO:Copying training dataset
2020-11-06 15:30:28,305:INFO:Importing libraries
2020-11-06 15:30:28,306:INFO:Defining folds
2020-11-06 15:30:28,306:INFO:Declaring metric variables
2020-11-06 15:30:28,312:INFO:Extra Trees Regressor Imported succesfully
2020-11-06 15:30:28,313:INFO:Checking ensemble method
2020-11-06 15:30:28,319:INFO:Initializing Fold 1
2020-11-06 15:30:28,330:INFO:Fitting Model
2020-11-06 15:30:28,606:INFO:Evaluating Metrics
2020-11-06 15:30:28,628:INFO:No inverse transformation
2020-11-06 15:30:28,628:INFO:Compiling Metrics
2020-11-06 15:30:28,647:INFO:Initializing Fold 2
2020-11-06 15:30:28,654:INFO:Fitting Model
2020-11-06 15:30:28,914:INFO:Evaluating Metrics
2020-11-06 15:30:28,938:INFO:No inverse transformation
2020-11-06 15:30:28,938:INFO:Compiling Metrics
2020-11-06 15:30:28,963:INFO:Initializing Fold 3
2020-11-06 15:30:28,978:INFO:Fitting Model
2020-11-06 15:30:29,239:INFO:Evaluating Metrics
2020-11-06 15:30:29,260:INFO:No inverse transformation
2020-11-06 15:30:29,261:INFO:Compiling Metrics
2020-11-06 15:30:29,280:INFO:Initializing Fold 4
2020-11-06 15:30:29,288:INFO:Fitting Model
2020-11-06 15:30:29,588:INFO:Evaluating Metrics
2020-11-06 15:30:29,613:INFO:No inverse transformation
2020-11-06 15:30:29,613:INFO:Compiling Metrics
2020-11-06 15:30:29,634:INFO:Initializing Fold 5
2020-11-06 15:30:29,640:INFO:Fitting Model
2020-11-06 15:30:29,914:INFO:Evaluating Metrics
2020-11-06 15:30:29,943:INFO:No inverse transformation
2020-11-06 15:30:29,943:INFO:Compiling Metrics
2020-11-06 15:30:29,965:INFO:Initializing Fold 6
2020-11-06 15:30:29,973:INFO:Fitting Model
2020-11-06 15:30:30,290:INFO:Evaluating Metrics
2020-11-06 15:30:30,324:INFO:No inverse transformation
2020-11-06 15:30:30,324:INFO:Compiling Metrics
2020-11-06 15:30:30,341:INFO:Initializing Fold 7
2020-11-06 15:30:30,354:INFO:Fitting Model
2020-11-06 15:30:30,650:INFO:Evaluating Metrics
2020-11-06 15:30:30,672:INFO:No inverse transformation
2020-11-06 15:30:30,672:INFO:Compiling Metrics
2020-11-06 15:30:30,697:INFO:Initializing Fold 8
2020-11-06 15:30:30,712:INFO:Fitting Model
2020-11-06 15:30:30,978:INFO:Evaluating Metrics
2020-11-06 15:30:31,015:INFO:No inverse transformation
2020-11-06 15:30:31,015:INFO:Compiling Metrics
2020-11-06 15:30:31,032:INFO:Initializing Fold 9
2020-11-06 15:30:31,039:INFO:Fitting Model
2020-11-06 15:30:31,320:INFO:Evaluating Metrics
2020-11-06 15:30:31,345:INFO:No inverse transformation
2020-11-06 15:30:31,346:INFO:Compiling Metrics
2020-11-06 15:30:31,371:INFO:Initializing Fold 10
2020-11-06 15:30:31,384:INFO:Fitting Model
2020-11-06 15:30:31,656:INFO:Evaluating Metrics
2020-11-06 15:30:31,677:INFO:No inverse transformation
2020-11-06 15:30:31,677:INFO:Compiling Metrics
2020-11-06 15:30:31,699:INFO:Calculating mean and std
2020-11-06 15:30:31,700:INFO:Creating metrics dataframe
2020-11-06 15:30:31,710:INFO:Finalizing model
2020-11-06 15:30:31,991:INFO:Uploading results into container
2020-11-06 15:30:31,991:INFO:Uploading model into container
2020-11-06 15:30:32,031:INFO:create_model_container: 2
2020-11-06 15:30:32,031:INFO:master_model_container: 2
2020-11-06 15:30:32,031:INFO:display_container: 3
2020-11-06 15:30:32,032:INFO:ExtraTreesRegressor(bootstrap=False, ccp_alpha=0.0, criterion='mse',
                    max_depth=None, max_features='auto', max_leaf_nodes=None,
                    max_samples=None, min_impurity_decrease=0.0,
                    min_impurity_split=None, min_samples_leaf=1,
                    min_samples_split=2, min_weight_fraction_leaf=0.0,
                    n_estimators=100, n_jobs=-1, oob_score=False,
                    random_state=123, verbose=0, warm_start=False)
2020-11-06 15:30:32,032:INFO:create_model() succesfully completed......................................
2020-11-06 15:34:49,418:INFO:Initializing interpret_model()
2020-11-06 15:34:49,419:INFO:interpret_model(estimator=ExtraTreesRegressor(bootstrap=False, ccp_alpha=0.0, criterion='mse',
                    max_depth=None, max_features='auto', max_leaf_nodes=None,
                    max_samples=None, min_impurity_decrease=0.0,
                    min_impurity_split=None, min_samples_leaf=1,
                    min_samples_split=2, min_weight_fraction_leaf=0.0,
                    n_estimators=100, n_jobs=-1, oob_score=False,
                    random_state=123, verbose=0, warm_start=False), plot=summary, feature=None, observation=None)
2020-11-06 15:34:49,419:INFO:Checking exceptions
2020-11-06 15:34:49,593:INFO:Importing libraries
2020-11-06 15:34:49,593:INFO:plot type: summary
2020-11-06 15:34:49,593:INFO:Creating TreeExplainer
2020-11-06 15:34:49,633:INFO:Compiling shap values
2020-11-06 15:38:27,496:INFO:Visual Rendered Successfully
2020-11-06 15:38:27,498:INFO:interpret_model() succesfully completed......................................
2020-11-06 15:41:11,794:INFO:Initializing create_model()
2020-11-06 15:41:11,794:INFO:create_model(estimator=catboost, ensemble=False, method=None, fold=10, round=4, cross_validation=True, verbose=True, system=True)
2020-11-06 15:41:11,794:INFO:Checking exceptions
2020-11-06 15:41:11,794:INFO:Preloading libraries
2020-11-06 15:41:11,794:INFO:Preparing display monitor
2020-11-06 15:41:11,816:INFO:Copying training dataset
2020-11-06 15:41:11,817:INFO:Importing libraries
2020-11-06 15:41:11,818:INFO:Defining folds
2020-11-06 15:41:11,818:INFO:Declaring metric variables
2020-11-06 15:41:11,824:INFO:CatBoost Regressor Imported succesfully
2020-11-06 15:41:11,825:INFO:Checking ensemble method
2020-11-06 15:41:11,830:INFO:Initializing Fold 1
2020-11-06 15:41:11,842:INFO:Fitting Model
2020-11-06 15:41:13,753:INFO:Evaluating Metrics
2020-11-06 15:41:13,757:INFO:No inverse transformation
2020-11-06 15:41:13,757:INFO:Compiling Metrics
2020-11-06 15:41:13,779:INFO:Initializing Fold 2
2020-11-06 15:41:13,788:INFO:Fitting Model
2020-11-06 15:41:15,653:INFO:Evaluating Metrics
2020-11-06 15:41:15,657:INFO:No inverse transformation
2020-11-06 15:41:15,657:INFO:Compiling Metrics
2020-11-06 15:41:15,674:INFO:Initializing Fold 3
2020-11-06 15:41:15,690:INFO:Fitting Model
2020-11-06 15:41:17,680:INFO:Evaluating Metrics
2020-11-06 15:41:17,684:INFO:No inverse transformation
2020-11-06 15:41:17,684:INFO:Compiling Metrics
2020-11-06 15:41:17,701:INFO:Initializing Fold 4
2020-11-06 15:41:17,709:INFO:Fitting Model
2020-11-06 15:41:20,153:INFO:Evaluating Metrics
2020-11-06 15:41:20,156:INFO:No inverse transformation
2020-11-06 15:41:20,156:INFO:Compiling Metrics
2020-11-06 15:41:20,173:INFO:Initializing Fold 5
2020-11-06 15:41:20,179:INFO:Fitting Model
2020-11-06 15:41:22,068:INFO:Evaluating Metrics
2020-11-06 15:41:22,071:INFO:No inverse transformation
2020-11-06 15:41:22,072:INFO:Compiling Metrics
2020-11-06 15:41:22,088:INFO:Initializing Fold 6
2020-11-06 15:41:22,093:INFO:Fitting Model
2020-11-06 15:41:23,955:INFO:Evaluating Metrics
2020-11-06 15:41:23,958:INFO:No inverse transformation
2020-11-06 15:41:23,958:INFO:Compiling Metrics
2020-11-06 15:41:23,976:INFO:Initializing Fold 7
2020-11-06 15:41:23,989:INFO:Fitting Model
2020-11-06 15:41:25,879:INFO:Evaluating Metrics
2020-11-06 15:41:25,882:INFO:No inverse transformation
2020-11-06 15:41:25,882:INFO:Compiling Metrics
2020-11-06 15:41:25,900:INFO:Initializing Fold 8
2020-11-06 15:41:25,906:INFO:Fitting Model
2020-11-06 15:41:27,811:INFO:Evaluating Metrics
2020-11-06 15:41:27,814:INFO:No inverse transformation
2020-11-06 15:41:27,815:INFO:Compiling Metrics
2020-11-06 15:41:27,832:INFO:Initializing Fold 9
2020-11-06 15:41:27,839:INFO:Fitting Model
2020-11-06 15:41:29,727:INFO:Evaluating Metrics
2020-11-06 15:41:29,730:INFO:No inverse transformation
2020-11-06 15:41:29,730:INFO:Compiling Metrics
2020-11-06 15:41:29,747:INFO:Initializing Fold 10
2020-11-06 15:41:29,754:INFO:Fitting Model
2020-11-06 15:41:31,830:INFO:Evaluating Metrics
2020-11-06 15:41:31,833:INFO:No inverse transformation
2020-11-06 15:41:31,834:INFO:Compiling Metrics
2020-11-06 15:41:31,851:INFO:Calculating mean and std
2020-11-06 15:41:31,852:INFO:Creating metrics dataframe
2020-11-06 15:41:31,860:INFO:Finalizing model
2020-11-06 15:41:33,897:INFO:Uploading results into container
2020-11-06 15:41:33,897:INFO:Uploading model into container
2020-11-06 15:41:33,928:INFO:create_model_container: 3
2020-11-06 15:41:33,929:INFO:master_model_container: 3
2020-11-06 15:41:33,929:INFO:display_container: 4
2020-11-06 15:41:33,929:INFO:<catboost.core.CatBoostRegressor object at 0x0000016335DFAAF0>
2020-11-06 15:41:33,929:INFO:create_model() succesfully completed......................................
